
  .   ____          _            __ _ _
 /\\ / ___'_ __ _ _(_)_ __  __ _ \ \ \ \
( ( )\___ | '_ | '_| | '_ \/ _` | \ \ \ \
 \\/  ___)| |_)| | | | | || (_| |  ) ) ) )
  '  |____| .__|_| |_|_| |_\__, | / / / /
 =========|_|==============|___/=/_/_/_/

 :: Spring Boot ::                (v4.1.0)

2026-06-18T09:56:10.316+03:00  INFO 3664 --- [mp3] [           main] s6.mp3.Mp3Application                    : Starting Mp3Application v0.0.1-SNAPSHOT using Java 17.0.12 with PID 3664 (L:\cours\leçons\S6\mp3\back\target\mp3-0.0.1-SNAPSHOT.jar started by Lapatia in L:\cours\leçons\S6\mp3\back)
2026-06-18T09:56:10.323+03:00  INFO 3664 --- [mp3] [           main] s6.mp3.Mp3Application                    : No active profile set, falling back to 1 default profile: "api"
2026-06-18T09:56:11.808+03:00  INFO 3664 --- [mp3] [           main] .s.d.r.c.RepositoryConfigurationDelegate : Bootstrapping Spring Data JPA repositories in DEFAULT mode.
2026-06-18T09:56:11.896+03:00  INFO 3664 --- [mp3] [           main] .s.d.r.c.RepositoryConfigurationDelegate : Finished Spring Data repository scanning in 71 ms. Found 3 JPA repository interfaces.
2026-06-18T09:56:13.033+03:00  INFO 3664 --- [mp3] [           main] o.s.boot.tomcat.TomcatWebServer          : Tomcat initialized with port 8080 (http)
2026-06-18T09:56:13.055+03:00  INFO 3664 --- [mp3] [           main] o.apache.catalina.core.StandardService   : Starting service [Tomcat]
2026-06-18T09:56:13.056+03:00  INFO 3664 --- [mp3] [           main] o.apache.catalina.core.StandardEngine    : Starting Servlet engine: [Apache Tomcat/11.0.22]
2026-06-18T09:56:13.106+03:00  INFO 3664 --- [mp3] [           main] b.w.c.s.WebApplicationContextInitializer : Root WebApplicationContext: initialization completed in 2677 ms
2026-06-18T09:56:13.422+03:00  INFO 3664 --- [mp3] [           main] org.hibernate.orm.jpa                    : HHH008540: Processing PersistenceUnitInfo [name: default]
2026-06-18T09:56:13.610+03:00  INFO 3664 --- [mp3] [           main] org.hibernate.orm.core                   : HHH000001: Hibernate ORM core version 7.4.1.Final
2026-06-18T09:56:14.828+03:00  INFO 3664 --- [mp3] [           main] o.s.o.j.p.SpringPersistenceUnitInfo      : No LoadTimeWeaver setup: ignoring JPA class transformer
2026-06-18T09:56:14.913+03:00  INFO 3664 --- [mp3] [           main] com.zaxxer.hikari.HikariDataSource       : HikariPool-1 - Starting...
2026-06-18T09:56:15.295+03:00  INFO 3664 --- [mp3] [           main] com.zaxxer.hikari.pool.HikariPool        : HikariPool-1 - Added connection org.postgresql.jdbc.PgConnection@7672960e
2026-06-18T09:56:15.297+03:00  INFO 3664 --- [mp3] [           main] com.zaxxer.hikari.HikariDataSource       : HikariPool-1 - Start completed.
2026-06-18T09:56:15.479+03:00  INFO 3664 --- [mp3] [           main] org.hibernate.orm.connections.pooling    : HHH10001005: Database info:
	Database JDBC URL [jdbc:postgresql://localhost:5432/mp3]
	Database driver: PostgreSQL JDBC Driver
	Database dialect: PostgreSQLDialect
	Database version: 15.14
	Default catalog/schema: mp3/public
	Autocommit mode: undefined/unknown
	Isolation level: READ_COMMITTED [default READ_COMMITTED]
	JDBC fetch size: none
	Pool: DataSourceConnectionProvider
	Minimum pool size: undefined/unknown
	Maximum pool size: undefined/unknown
2026-06-18T09:56:17.981+03:00  INFO 3664 --- [mp3] [           main] org.hibernate.orm.core                   : HHH000489: No JTA platform available (set 'hibernate.transaction.jta.platform' to enable JTA platform integration)
2026-06-18T09:56:18.116+03:00  INFO 3664 --- [mp3] [           main] j.LocalContainerEntityManagerFactoryBean : Initialized JPA EntityManagerFactory for persistence unit 'default'
2026-06-18T09:56:18.256+03:00  INFO 3664 --- [mp3] [           main] o.s.d.j.r.query.QueryEnhancerFactories   : Hibernate is in classpath; If applicable, HQL parser will be used.
2026-06-18T09:56:20.203+03:00  INFO 3664 --- [mp3] [           main] s6.mp3.api.track.StorageService          : Stockage permanent : L:\cours\leçons\S6\mp3\back\storage
2026-06-18T09:56:20.377+03:00  INFO 3664 --- [mp3] [           main] r$InitializeUserDetailsManagerConfigurer : Global AuthenticationManager configured with UserDetailsService bean with name customUserDetailsService
2026-06-18T09:56:22.042+03:00  WARN 3664 --- [mp3] [           main] ConfigServletWebServerApplicationContext : Exception encountered during context initialization - cancelling refresh attempt: org.springframework.context.ApplicationContextException: Failed to start bean 'webServerStartStop'
2026-06-18T09:56:22.046+03:00  INFO 3664 --- [mp3] [       2026-06-18T09:57:08.361+03:00  INFO 6088 --- [mp3] [nio-8080-exec-1] o.a.c.c.C.[Tomcat].[localhost].[/]       : Initializing Spring DispatcherServlet 'dispatcherServlet'
2026-06-18T09:57:08.362+03:00  INFO 6088 --- [mp3] [nio-8080-exec-1] o.s.web.servlet.DispatcherServlet        : Initializing Servlet 'dispatcherServlet'
2026-06-18T09:57:08.365+03:00  INFO 6088 --- [mp3] [nio-8080-exec-1] o.s.web.servlet.DispatcherServlet        : Completed initialization in 3 ms
2026-06-18T09:57:27.287+03:00  INFO 6088 --- [mp3] [nio-8080-exec-2] s6.mp3.api.track.TrackService            : Morceau enregistre : id=1 titre=Imagine
2026-06-18T09:57:27.545+03:00  INFO 6088 --- [mp3] [nio-8080-exec-3] s6.mp3.api.track.TrackService            : Morceau enregistre : id=2 titre=Yesterday
2026-06-18T09:59:42.810+03:00  WARN 6088 --- [mp3] [nio-8080-exec-9] .w.s.m.s.DefaultHandlerExceptionResolver : Resolved [org.springframework.http.converter.HttpMessageNotReadableException: JSON parse error: Unexpected character ('\' (code 92)): was expecting double-quote to start property name]
