2026-06-30T01:09:07.901+03:00  INFO 12636 --- [mp3] [main] s6.mp3.Mp3Application                    : Starting Mp3Application v0.0.1-SNAPSHOT using Java 17.0.12 with PID 12636 (L:\cours\leçons\S6\naina\mp3-git\back\target\mp3-0.0.1-SNAPSHOT.jar started by Lapatia in L:\cours\leçons\S6\naina\mp3-git\back)
2026-06-30T01:09:07.973+03:00  INFO 12636 --- [mp3] [main] s6.mp3.Mp3Application                    : No active profile set, falling back to 1 default profile: "api"
2026-06-30T01:09:15.071+03:00  INFO 12636 --- [mp3] [main] .s.d.r.c.RepositoryConfigurationDelegate : Bootstrapping Spring Data JPA repositories in DEFAULT mode.
2026-06-30T01:09:15.400+03:00  INFO 12636 --- [mp3] [main] .s.d.r.c.RepositoryConfigurationDelegate : Finished Spring Data repository scanning in 276 ms. Found 3 JPA repository interfaces.
2026-06-30T01:12:08.685+03:00  INFO 8340 --- [mp3] [main] s6.mp3.Mp3Application                    : Starting Mp3Application v0.0.1-SNAPSHOT using Java 17.0.12 with PID 8340 (L:\cours\leçons\S6\naina\mp3-git\back\target\mp3-0.0.1-SNAPSHOT.jar started by Lapatia in L:\cours\leçons\S6\naina\mp3-git\back)
2026-06-30T01:12:08.699+03:00  INFO 8340 --- [mp3] [main] s6.mp3.Mp3Application                    : No active profile set, falling back to 1 default profile: "api"
2026-06-30T01:12:13.142+03:00  INFO 8340 --- [mp3] [main] .s.d.r.c.RepositoryConfigurationDelegate : Bootstrapping Spring Data JPA repositories in DEFAULT mode.
2026-06-30T01:12:13.430+03:00  INFO 8340 --- [mp3] [main] .s.d.r.c.RepositoryConfigurationDelegate : Finished Spring Data repository scanning in 257 ms. Found 3 JPA repository interfaces.
2026-06-30T01:12:19.725+03:00  INFO 8340 --- [mp3] [main] o.s.boot.tomcat.TomcatWebServer          : Tomcat initialized with port 8080 (http)
2026-06-30T01:12:19.815+03:00  INFO 8340 --- [mp3] [main] o.apache.catalina.core.StandardService   : Starting service [Tomcat]
2026-06-30T01:12:19.818+03:00  INFO 8340 --- [mp3] [main] o.apache.catalina.core.StandardEngine    : Starting Servlet engine: [Apache Tomcat/11.0.22]
2026-06-30T01:12:19.964+03:00  INFO 8340 --- [mp3] [main] b.w.c.s.WebApplicationContextInitializer : Root WebApplicationContext: initialization completed in 11080 ms
2026-06-30T01:12:21.574+03:00  INFO 8340 --- [mp3] [main] org.hibernate.orm.jpa                    : HHH008540: Processing PersistenceUnitInfo [name: default]
2026-06-30T01:12:22.243+03:00  INFO 8340 --- [mp3] [main] org.hibernate.orm.core                   : HHH000001: Hibernate ORM core version 7.4.1.Final
2026-06-30T01:12:25.679+03:00  INFO 8340 --- [mp3] [main] o.s.o.j.p.SpringPersistenceUnitInfo      : No LoadTimeWeaver setup: ignoring JPA class transformer
2026-06-30T01:12:26.653+03:00  INFO 8340 --- [mp3] [main] com.zaxxer.hikari.HikariDataSource       : HikariPool-1 - Starting...
2026-06-30T01:12:27.919+03:00  INFO 8340 --- [mp3] [main] com.zaxxer.hikari.pool.HikariPool        : HikariPool-1 - Added connection org.postgresql.jdbc.PgConnection@79c1ccf7
2026-06-30T01:12:27.930+03:00  INFO 8340 --- [mp3] [main] com.zaxxer.hikari.HikariDataSource       : HikariPool-1 - Start completed.
2026-06-30T01:12:28.586+03:00  INFO 8340 --- [mp3] [main] org.hibernate.orm.connections.pooling    : HHH10001005: Database info:
	Database JDBC URL [jdbc:postgresql://localhost:5432/mp3]
	Database driver: PostgreSQL JDBC Driver
	Database dialect: PostgreSQLDialect
	Database version: 15.14
	Default catalog/schema: mp3/public
	Autocommit mode: undefined/unknown
	Isolation level: READ_COMMITTED [default READ_COMMITTED]
	JDBC fetch size: none
	Pool: DataSourceConnectionProvider
	Minimum pool size: undefined/unknown
	Maximum pool size: undefined/unknown
2026-06-30T01:12:40.902+03:00  INFO 8340 --- [mp3] [main] org.hibernate.orm.core                   : HHH000489: No JTA platform available (set 'hibernate.transaction.jta.platform' to enable JTA platform integration)
2026-06-30T01:12:41.693+03:00  INFO 8340 --- [mp3] [main] j.LocalContainerEntityManagerFactoryBean : Initialized JPA EntityManagerFactory for persistence unit 'default'
2026-06-30T01:12:42.641+03:00  INFO 8340 --- [mp3] [main] o.s.d.j.r.query.QueryEnhancerFactories   : Hibernate is in classpath; If applicable, HQL parser will be used.
2026-06-30T01:12:59.840+03:00  INFO 8340 --- [mp3] [main] s6.mp3.api.track.StorageService          : Stockage permanent : L:\cours\leçons\S6\naina\mp3-git\back\storage
2026-06-30T01:13:00.247+03:00  INFO 8340 --- [mp3] [main] r$InitializeUserDetailsManagerConfigurer : Global AuthenticationManager configured with UserDetailsService bean with name customUserDetailsService
2026-06-30T01:13:04.494+03:00  INFO 8340 --- [mp3] [main] o.s.boot.tomcat.TomcatWebServer          : Tomcat started on port 8080 (http) with context path '/'
2026-06-30T01:13:04.635+03:00  INFO 8340 --- [mp3] [main] s6.mp3.Mp3Application                    : Started Mp3Application in 57.622 seconds (process running for 59.171)
2026-06-30T01:13:21.276+03:00  INFO 8340 --- [mp3] [http-nio-8080-exec-2] o.a.c.c.C.[Tomcat].[localhost].[/]       : Initializing Spring DispatcherServlet 'dispatcherServlet'
2026-06-30T01:13:21.278+03:00  INFO 8340 --- [mp3] [http-nio-8080-exec-2] o.s.web.servlet.DispatcherServlet        : Initializing Servlet 'dispatcherServlet'
2026-06-30T01:13:21.284+03:00  INFO 8340 --- [mp3] [http-nio-8080-exec-2] o.s.web.servlet.DispatcherServlet        : Completed initialization in 4 ms
