2026-06-24T09:09:39.339+03:00  INFO 18504 --- [mp3] [main] s6.mp3.Mp3Application                    : Starting Mp3Application v0.0.1-SNAPSHOT using Java 17.0.12 with PID 18504 (L:\cours\leçons\S6\mp3\back\target\mp3-0.0.1-SNAPSHOT.jar started by Lapatia in L:\cours\leçons\S6\mp3\back)
2026-06-24T09:09:39.425+03:00  INFO 18504 --- [mp3] [main] s6.mp3.Mp3Application                    : The following 1 profile is active: "scanner"
2026-06-24T09:09:52.299+03:00  INFO 18504 --- [mp3] [main] s6.mp3.Mp3Application                    : Started Mp3Application in 16.364 seconds (process running for 19.185)
2026-06-24T09:09:54.165+03:00  INFO 18504 --- [mp3] [scheduling-1] s6.mp3.scanner.DirectoryScanner          : Debut du scan
2026-06-24T09:09:54.195+03:00  INFO 18504 --- [mp3] [scheduling-1] s6.mp3.scanner.DirectoryScanner          : Fin du scan (0 nouveau(x) fichier(s))
2026-06-24T09:10:09.205+03:00  INFO 18504 --- [mp3] [scheduling-1] s6.mp3.scanner.DirectoryScanner          : Debut du scan
2026-06-24T09:10:09.205+03:00  INFO 18504 --- [mp3] [scheduling-1] s6.mp3.scanner.DirectoryScanner          : Fin du scan (0 nouveau(x) fichier(s))
2026-06-24T09:10:24.215+03:00  INFO 18504 --- [mp3] [scheduling-1] s6.mp3.scanner.DirectoryScanner          : Debut du scan
2026-06-24T09:10:24.219+03:00  INFO 18504 --- [mp3] [scheduling-1] s6.mp3.scanner.DirectoryScanner          : Fin du scan (0 nouveau(x) fichier(s))
2026-06-24T09:10:39.222+03:00  INFO 18504 --- [mp3] [scheduling-1] s6.mp3.scanner.DirectoryScanner          : Debut du scan
2026-06-24T09:10:39.224+03:00  INFO 18504 --- [mp3] [scheduling-1] s6.mp3.scanner.DirectoryScanner          : Fin du scan (0 nouveau(x) fichier(s))
2026-06-24T09:10:54.229+03:00  INFO 18504 --- [mp3] [scheduling-1] s6.mp3.scanner.DirectoryScanner          : Debut du scan
2026-06-24T09:10:54.232+03:00  INFO 18504 --- [mp3] [scheduling-1] s6.mp3.scanner.DirectoryScanner          : Fin du scan (0 nouveau(x) fichier(s))
2026-06-24T09:11:09.244+03:00  INFO 18504 --- [mp3] [scheduling-1] s6.mp3.scanner.DirectoryScanner          : Debut du scan
2026-06-24T09:11:09.244+03:00  INFO 18504 --- [mp3] [scheduling-1] s6.mp3.scanner.DirectoryScanner          : Fin du scan (0 nouveau(x) fichier(s))
2026-06-24T09:11:24.261+03:00  INFO 18504 --- [mp3] [scheduling-1] s6.mp3.scanner.DirectoryScanner          : Debut du scan
2026-06-24T09:11:24.261+03:00  INFO 18504 --- [mp3] [scheduling-1] s6.mp3.scanner.DirectoryScanner          : Fin du scan (0 nouveau(x) fichier(s))
2026-06-24T09:11:39.273+03:00  INFO 18504 --- [mp3] [scheduling-1] s6.mp3.scanner.DirectoryScanner          : Debut du scan
2026-06-24T09:11:39.276+03:00  INFO 18504 --- [mp3] [scheduling-1] s6.mp3.scanner.DirectoryScanner          : Fin du scan (0 nouveau(x) fichier(s))
2026-06-24T09:11:54.292+03:00  INFO 18504 --- [mp3] [scheduling-1] s6.mp3.scanner.DirectoryScanner          : Debut du scan
2026-06-24T09:11:54.294+03:00  INFO 18504 --- [mp3] [scheduling-1] s6.mp3.scanner.DirectoryScanner          : Fin du scan (0 nouveau(x) fichier(s))
2026-06-24T09:12:09.296+03:00  INFO 18504 --- [mp3] [scheduling-1] s6.mp3.scanner.DirectoryScanner          : Debut du scan
2026-06-24T09:12:09.299+03:00  INFO 18504 --- [mp3] [scheduling-1] s6.mp3.scanner.DirectoryScanner          : Fin du scan (0 nouveau(x) fichier(s))
2026-06-24T09:12:24.308+03:00  INFO 18504 --- [mp3] [scheduling-1] s6.mp3.scanner.DirectoryScanner          : Debut du scan
2026-06-24T09:12:24.308+03:00  INFO 18504 --- [mp3] [scheduling-1] s6.mp3.scanner.DirectoryScanner          : Fin du scan (0 nouveau(x) fichier(s))
2026-06-24T09:12:39.325+03:00  INFO 18504 --- [mp3] [scheduling-1] s6.mp3.scanner.DirectoryScanner          : Debut du scan
2026-06-24T09:12:39.329+03:00  INFO 18504 --- [mp3] [scheduling-1] s6.mp3.scanner.DirectoryScanner          : Fin du scan (0 nouveau(x) fichier(s))
2026-06-24T09:12:54.338+03:00  INFO 18504 --- [mp3] [scheduling-1] s6.mp3.scanner.DirectoryScanner          : Debut du scan
2026-06-24T09:12:54.343+03:00  INFO 18504 --- [mp3] [scheduling-1] s6.mp3.scanner.DirectoryScanner          : Fin du scan (0 nouveau(x) fichier(s))
2026-06-24T09:13:09.359+03:00  INFO 18504 --- [mp3] [scheduling-1] s6.mp3.scanner.DirectoryScanner          : Debut du scan
2026-06-24T09:13:09.362+03:00  INFO 18504 --- [mp3] [scheduling-1] s6.mp3.scanner.DirectoryScanner          : Fin du scan (0 nouveau(x) fichier(s))
2026-06-24T09:13:24.365+03:00  INFO 18504 --- [mp3] [scheduling-1] s6.mp3.scanner.DirectoryScanner          : Debut du scan
2026-06-24T09:13:24.368+03:00  INFO 18504 --- [mp3] [scheduling-1] s6.mp3.scanner.DirectoryScanner          : Fin du scan (0 nouveau(x) fichier(s))
2026-06-24T09:13:39.386+03:00  INFO 18504 --- [mp3] [scheduling-1] s6.mp3.scanner.DirectoryScanner          : Debut du scan
2026-06-24T09:13:39.389+03:00  INFO 18504 --- [mp3] [scheduling-1] s6.mp3.scanner.DirectoryScanner          : Fin du scan (0 nouveau(x) fichier(s))
2026-06-24T09:13:54.392+03:00  INFO 18504 --- [mp3] [scheduling-1] s6.mp3.scanner.DirectoryScanner          : Debut du scan
2026-06-24T09:13:54.396+03:00  INFO 18504 --- [mp3] [scheduling-1] s6.mp3.scanner.DirectoryScanner          : Fin du scan (0 nouveau(x) fichier(s))
2026-06-24T09:14:09.399+03:00  INFO 18504 --- [mp3] [scheduling-1] s6.mp3.scanner.DirectoryScanner          : Debut du scan
2026-06-24T09:14:09.402+03:00  INFO 18504 --- [mp3] [scheduling-1] s6.mp3.scanner.DirectoryScanner          : Fin du scan (0 nouveau(x) fichier(s))
2026-06-24T09:14:24.418+03:00  INFO 18504 --- [mp3] [scheduling-1] s6.mp3.scanner.DirectoryScanner          : Debut du scan
2026-06-24T09:14:24.421+03:00  INFO 18504 --- [mp3] [scheduling-1] s6.mp3.scanner.DirectoryScanner          : Fin du scan (0 nouveau(x) fichier(s))
2026-06-24T09:14:39.423+03:00  INFO 18504 --- [mp3] [scheduling-1] s6.mp3.scanner.DirectoryScanner          : Debut du scan
2026-06-24T09:14:39.424+03:00  INFO 18504 --- [mp3] [scheduling-1] s6.mp3.scanner.DirectoryScanner          : Fin du scan (0 nouveau(x) fichier(s))
2026-06-24T09:14:54.430+03:00  INFO 18504 --- [mp3] [scheduling-1] s6.mp3.scanner.DirectoryScanner          : Debut du scan
2026-06-24T09:14:54.431+03:00  INFO 18504 --- [mp3] [scheduling-1] s6.mp3.scanner.DirectoryScanner          : Fin du scan (0 nouveau(x) fichier(s))
2026-06-24T09:15:09.448+03:00  INFO 18504 --- [mp3] [scheduling-1] s6.mp3.scanner.DirectoryScanner          : Debut du scan
2026-06-24T09:15:09.448+03:00  INFO 18504 --- [mp3] [scheduling-1] s6.mp3.scanner.DirectoryScanner          : Fin du scan (0 nouveau(x) fichier(s))
2026-06-24T09:15:24.456+03:00  INFO 18504 --- [mp3] [scheduling-1] s6.mp3.scanner.DirectoryScanner          : Debut du scan
2026-06-24T09:15:24.456+03:00  INFO 18504 --- [mp3] [scheduling-1] s6.mp3.scanner.DirectoryScanner          : Fin du scan (0 nouveau(x) fichier(s))
2026-06-24T09:15:39.460+03:00  INFO 18504 --- [mp3] [scheduling-1] s6.mp3.scanner.DirectoryScanner          : Debut du scan
2026-06-24T09:15:39.460+03:00  INFO 18504 --- [mp3] [scheduling-1] s6.mp3.scanner.DirectoryScanner          : Fin du scan (0 nouveau(x) fichier(s))
2026-06-24T09:15:54.476+03:00  INFO 18504 --- [mp3] [scheduling-1] s6.mp3.scanner.DirectoryScanner          : Debut du scan
2026-06-24T09:15:54.477+03:00  INFO 18504 --- [mp3] [scheduling-1] s6.mp3.scanner.DirectoryScanner          : Fin du scan (0 nouveau(x) fichier(s))
2026-06-24T09:16:09.482+03:00  INFO 18504 --- [mp3] [scheduling-1] s6.mp3.scanner.DirectoryScanner          : Debut du scan
2026-06-24T09:16:09.482+03:00  INFO 18504 --- [mp3] [scheduling-1] s6.mp3.scanner.DirectoryScanner          : Fin du scan (0 nouveau(x) fichier(s))
2026-06-24T09:16:24.493+03:00  INFO 18504 --- [mp3] [scheduling-1] s6.mp3.scanner.DirectoryScanner          : Debut du scan
2026-06-24T09:16:24.493+03:00  INFO 18504 --- [mp3] [scheduling-1] s6.mp3.scanner.DirectoryScanner          : Fin du scan (0 nouveau(x) fichier(s))
2026-06-24T09:16:39.511+03:00  INFO 18504 --- [mp3] [scheduling-1] s6.mp3.scanner.DirectoryScanner          : Debut du scan
2026-06-24T09:16:39.513+03:00  INFO 18504 --- [mp3] [scheduling-1] s6.mp3.scanner.DirectoryScanner          : Fin du scan (0 nouveau(x) fichier(s))
2026-06-24T09:16:54.530+03:00  INFO 18504 --- [mp3] [scheduling-1] s6.mp3.scanner.DirectoryScanner          : Debut du scan
2026-06-24T09:16:54.530+03:00  INFO 18504 --- [mp3] [scheduling-1] s6.mp3.scanner.DirectoryScanner          : Fin du scan (0 nouveau(x) fichier(s))
2026-06-24T09:17:09.534+03:00  INFO 18504 --- [mp3] [scheduling-1] s6.mp3.scanner.DirectoryScanner          : Debut du scan
2026-06-24T09:17:09.534+03:00  INFO 18504 --- [mp3] [scheduling-1] s6.mp3.scanner.DirectoryScanner          : Fin du scan (0 nouveau(x) fichier(s))
2026-06-24T09:17:24.550+03:00  INFO 18504 --- [mp3] [scheduling-1] s6.mp3.scanner.DirectoryScanner          : Debut du scan
2026-06-24T09:17:24.550+03:00  INFO 18504 --- [mp3] [scheduling-1] s6.mp3.scanner.DirectoryScanner          : Fin du scan (0 nouveau(x) fichier(s))
2026-06-24T09:17:39.559+03:00  INFO 18504 --- [mp3] [scheduling-1] s6.mp3.scanner.DirectoryScanner          : Debut du scan
2026-06-24T09:17:39.561+03:00  INFO 18504 --- [mp3] [scheduling-1] s6.mp3.scanner.DirectoryScanner          : Fin du scan (0 nouveau(x) fichier(s))
2026-06-24T09:17:54.568+03:00  INFO 18504 --- [mp3] [scheduling-1] s6.mp3.scanner.DirectoryScanner          : Debut du scan
2026-06-24T09:17:54.568+03:00  INFO 18504 --- [mp3] [scheduling-1] s6.mp3.scanner.DirectoryScanner          : Fin du scan (0 nouveau(x) fichier(s))
2026-06-24T09:18:09.577+03:00  INFO 18504 --- [mp3] [scheduling-1] s6.mp3.scanner.DirectoryScanner          : Debut du scan
2026-06-24T09:18:09.577+03:00  INFO 18504 --- [mp3] [scheduling-1] s6.mp3.scanner.DirectoryScanner          : Fin du scan (0 nouveau(x) fichier(s))
2026-06-24T09:18:24.592+03:00  INFO 18504 --- [mp3] [scheduling-1] s6.mp3.scanner.DirectoryScanner          : Debut du scan
2026-06-24T09:18:24.592+03:00  INFO 18504 --- [mp3] [scheduling-1] s6.mp3.scanner.DirectoryScanner          : Fin du scan (0 nouveau(x) fichier(s))
2026-06-24T09:18:39.595+03:00  INFO 18504 --- [mp3] [scheduling-1] s6.mp3.scanner.DirectoryScanner          : Debut du scan
2026-06-24T09:18:39.595+03:00  INFO 18504 --- [mp3] [scheduling-1] s6.mp3.scanner.DirectoryScanner          : Fin du scan (0 nouveau(x) fichier(s))
2026-06-24T09:18:54.610+03:00  INFO 18504 --- [mp3] [scheduling-1] s6.mp3.scanner.DirectoryScanner          : Debut du scan
2026-06-24T09:18:54.610+03:00  INFO 18504 --- [mp3] [scheduling-1] s6.mp3.scanner.DirectoryScanner          : Fin du scan (0 nouveau(x) fichier(s))
2026-06-24T09:19:09.619+03:00  INFO 18504 --- [mp3] [scheduling-1] s6.mp3.scanner.DirectoryScanner          : Debut du scan
2026-06-24T09:19:09.619+03:00  INFO 18504 --- [mp3] [scheduling-1] s6.mp3.scanner.DirectoryScanner          : Fin du scan (0 nouveau(x) fichier(s))
2026-06-24T09:19:24.626+03:00  INFO 18504 --- [mp3] [scheduling-1] s6.mp3.scanner.DirectoryScanner          : Debut du scan
2026-06-24T09:19:24.626+03:00  INFO 18504 --- [mp3] [scheduling-1] s6.mp3.scanner.DirectoryScanner          : Fin du scan (0 nouveau(x) fichier(s))
2026-06-24T09:19:39.636+03:00  INFO 18504 --- [mp3] [scheduling-1] s6.mp3.scanner.DirectoryScanner          : Debut du scan
2026-06-24T09:19:39.638+03:00  INFO 18504 --- [mp3] [scheduling-1] s6.mp3.scanner.DirectoryScanner          : Nouveau fichier detecte : Alec Benjamin - Let Me Down Slowly [Official Music Video](MP3_160K).mp3
2026-06-24T09:19:39.736+03:00  INFO 18504 --- [mp3] [scheduling-1] o.s.a.r.c.CachingConnectionFactory       : Attempting to connect to: [localhost:5672]
2026-06-24T09:19:39.899+03:00  INFO 18504 --- [mp3] [scheduling-1] o.s.a.r.c.CachingConnectionFactory       : Created new connection: rabbitConnectionFactory#489091bd:0/SimpleConnection@26d9be54 [delegate=amqp://guest@127.0.0.1:5672/, localPort=54646]
2026-06-24T09:19:39.942+03:00  INFO 18504 --- [mp3] [scheduling-1] s6.mp3.scanner.DirectoryScanner          : Nouveau fichier detecte : Andro ririnina-MAHALEO(MP3_160K).mp3
2026-06-24T09:19:39.945+03:00  INFO 18504 --- [mp3] [scheduling-1] s6.mp3.scanner.DirectoryScanner          : Nouveau fichier detecte : Ao izy e _  (Dadah _ Inah)(MP3_160K).mp3
2026-06-24T09:19:39.947+03:00  INFO 18504 --- [mp3] [scheduling-1] s6.mp3.scanner.DirectoryScanner          : Nouveau fichier detecte : Bodo - Dada(MP3_160K).mp3
2026-06-24T09:19:39.949+03:00  INFO 18504 --- [mp3] [scheduling-1] s6.mp3.scanner.DirectoryScanner          : Nouveau fichier detecte : CKYCKY _ MAJESTY _ RIM-KA - NUMBER ONE (Clip Officiel)(MP3_160K).mp3
2026-06-24T09:19:39.951+03:00  INFO 18504 --- [mp3] [scheduling-1] s6.mp3.scanner.DirectoryScanner          : Nouveau fichier detecte : ELIDIOT -  Aza latsaigny ( Clip Officiel 1080p HD )(MP3_160K).mp3
2026-06-24T09:19:39.953+03:00  INFO 18504 --- [mp3] [scheduling-1] s6.mp3.scanner.DirectoryScanner          : Nouveau fichier detecte : Eric Manana - Voninkazo adaladala(MP3_160K).mp3
2026-06-24T09:19:39.954+03:00  INFO 18504 --- [mp3] [scheduling-1] s6.mp3.scanner.DirectoryScanner          : Nouveau fichier detecte : HIARAKA ISIKA Mahaleo Live _ Olympia(MP3_160K).mp3
2026-06-24T09:19:39.959+03:00  INFO 18504 --- [mp3] [scheduling-1] s6.mp3.scanner.DirectoryScanner          : Nouveau fichier detecte : LENDREMA _MAHALEO_(MP3_160K).mp3
2026-06-24T09:19:39.961+03:00  INFO 18504 --- [mp3] [scheduling-1] s6.mp3.scanner.DirectoryScanner          : Nouveau fichier detecte : Lôla feat Stephanie - Mandramaty(MP3_128K).mp3
2026-06-24T09:19:39.963+03:00  INFO 18504 --- [mp3] [scheduling-1] s6.mp3.scanner.DirectoryScanner          : Nouveau fichier detecte : Mianatra Misintaka - Mahaleo(MP3_160K).mp3
2026-06-24T09:19:39.964+03:00  INFO 18504 --- [mp3] [scheduling-1] s6.mp3.scanner.DirectoryScanner          : Nouveau fichier detecte : Rim-Ka - KaraKaraiKo (Officiel Vidéo)(MP3_128K).mp3
2026-06-24T09:19:39.966+03:00  INFO 18504 --- [mp3] [scheduling-1] s6.mp3.scanner.DirectoryScanner          : Nouveau fichier detecte : Shyn - Angalaka Ano (Feat Quatuor Squad X Davalt Records)(MP3_160K).mp3
2026-06-24T09:19:39.969+03:00  INFO 18504 --- [mp3] [scheduling-1] s6.mp3.scanner.DirectoryScanner          : Nouveau fichier detecte : Skaiz - Hitety fotoana (Directed by Tsilavina R La St_art Project2025)(MP3_160K)-1.mp3
2026-06-24T09:19:39.972+03:00  INFO 18504 --- [mp3] [scheduling-1] s6.mp3.scanner.DirectoryScanner          : Nouveau fichier detecte : Skaiz - Omeo ahy [Video 2016](MP3_160K)-1.mp3
2026-06-24T09:19:39.976+03:00  INFO 18504 --- [mp3] [scheduling-1] s6.mp3.scanner.DirectoryScanner          : Nouveau fichier detecte : Skaiz - Tsy Avelako Ho Nofy [ Official audio 2020 ](MP3_160K).mp3
2026-06-24T09:19:39.978+03:00  INFO 18504 --- [mp3] [scheduling-1] s6.mp3.scanner.DirectoryScanner          : Nouveau fichier detecte : SOMAMBISAMBY MAHALEO(MP3_160K).mp3
2026-06-24T09:19:39.981+03:00  INFO 18504 --- [mp3] [scheduling-1] s6.mp3.scanner.DirectoryScanner          : Nouveau fichier detecte : TAA TENSE - MBOLA TIAKO HD(MP3_160K).mp3
2026-06-24T09:19:39.992+03:00  INFO 18504 --- [mp3] [scheduling-1] s6.mp3.scanner.DirectoryScanner          : Nouveau fichier detecte : TSOTA - Zava-mahery [LYRICS VIDEO] (Official audio 2019)(MP3_160K).mp3
2026-06-24T09:19:39.998+03:00  INFO 18504 --- [mp3] [scheduling-1] s6.mp3.scanner.DirectoryScanner          : Nouveau fichier detecte : VITAA _ SLIMANE - Avant toi (Clip Officiel)(MP3_160K).mp3
2026-06-24T09:19:40.001+03:00  INFO 18504 --- [mp3] [scheduling-1] s6.mp3.scanner.DirectoryScanner          : Nouveau fichier detecte : VOLOLONA Mahaleo Live _ Olympia(MP3_160K).mp3
2026-06-24T09:19:40.003+03:00  INFO 18504 --- [mp3] [scheduling-1] s6.mp3.scanner.DirectoryScanner          : Fin du scan (21 nouveau(x) fichier(s))
2026-06-24T09:19:55.007+03:00  INFO 18504 --- [mp3] [scheduling-1] s6.mp3.scanner.DirectoryScanner          : Debut du scan
2026-06-24T09:19:55.009+03:00  INFO 18504 --- [mp3] [scheduling-1] s6.mp3.scanner.DirectoryScanner          : Fin du scan (0 nouveau(x) fichier(s))
2026-06-24T09:20:10.021+03:00  INFO 18504 --- [mp3] [scheduling-1] s6.mp3.scanner.DirectoryScanner          : Debut du scan
2026-06-24T09:20:10.023+03:00  INFO 18504 --- [mp3] [scheduling-1] s6.mp3.scanner.DirectoryScanner          : Fin du scan (0 nouveau(x) fichier(s))
2026-06-24T09:20:25.026+03:00  INFO 18504 --- [mp3] [scheduling-1] s6.mp3.scanner.DirectoryScanner          : Debut du scan
2026-06-24T09:20:25.026+03:00  INFO 18504 --- [mp3] [scheduling-1] s6.mp3.scanner.DirectoryScanner          : Fin du scan (0 nouveau(x) fichier(s))
2026-06-24T09:20:40.028+03:00  INFO 18504 --- [mp3] [scheduling-1] s6.mp3.scanner.DirectoryScanner          : Debut du scan
2026-06-24T09:20:40.028+03:00  INFO 18504 --- [mp3] [scheduling-1] s6.mp3.scanner.DirectoryScanner          : Fin du scan (0 nouveau(x) fichier(s))
2026-06-24T09:20:55.042+03:00  INFO 18504 --- [mp3] [scheduling-1] s6.mp3.scanner.DirectoryScanner          : Debut du scan
2026-06-24T09:20:55.042+03:00  INFO 18504 --- [mp3] [scheduling-1] s6.mp3.scanner.DirectoryScanner          : Fin du scan (0 nouveau(x) fichier(s))
2026-06-24T09:21:10.046+03:00  INFO 18504 --- [mp3] [scheduling-1] s6.mp3.scanner.DirectoryScanner          : Debut du scan
2026-06-24T09:21:10.046+03:00  INFO 18504 --- [mp3] [scheduling-1] s6.mp3.scanner.DirectoryScanner          : Fin du scan (0 nouveau(x) fichier(s))
2026-06-24T09:21:25.058+03:00  INFO 18504 --- [mp3] [scheduling-1] s6.mp3.scanner.DirectoryScanner          : Debut du scan
2026-06-24T09:21:25.058+03:00  INFO 18504 --- [mp3] [scheduling-1] s6.mp3.scanner.DirectoryScanner          : Fin du scan (0 nouveau(x) fichier(s))
2026-06-24T09:21:40.067+03:00  INFO 18504 --- [mp3] [scheduling-1] s6.mp3.scanner.DirectoryScanner          : Debut du scan
2026-06-24T09:21:40.067+03:00  INFO 18504 --- [mp3] [scheduling-1] s6.mp3.scanner.DirectoryScanner          : Fin du scan (0 nouveau(x) fichier(s))
2026-06-24T09:21:55.079+03:00  INFO 18504 --- [mp3] [scheduling-1] s6.mp3.scanner.DirectoryScanner          : Debut du scan
2026-06-24T09:21:55.079+03:00  INFO 18504 --- [mp3] [scheduling-1] s6.mp3.scanner.DirectoryScanner          : Fin du scan (0 nouveau(x) fichier(s))
2026-06-24T09:22:10.089+03:00  INFO 18504 --- [mp3] [scheduling-1] s6.mp3.scanner.DirectoryScanner          : Debut du scan
2026-06-24T09:22:10.089+03:00  INFO 18504 --- [mp3] [scheduling-1] s6.mp3.scanner.DirectoryScanner          : Fin du scan (0 nouveau(x) fichier(s))
2026-06-24T09:22:25.104+03:00  INFO 18504 --- [mp3] [scheduling-1] s6.mp3.scanner.DirectoryScanner          : Debut du scan
2026-06-24T09:22:25.105+03:00  INFO 18504 --- [mp3] [scheduling-1] s6.mp3.scanner.DirectoryScanner          : Fin du scan (0 nouveau(x) fichier(s))
2026-06-24T09:22:40.114+03:00  INFO 18504 --- [mp3] [scheduling-1] s6.mp3.scanner.DirectoryScanner          : Debut du scan
2026-06-24T09:22:40.114+03:00  INFO 18504 --- [mp3] [scheduling-1] s6.mp3.scanner.DirectoryScanner          : Fin du scan (0 nouveau(x) fichier(s))
2026-06-24T09:22:55.117+03:00  INFO 18504 --- [mp3] [scheduling-1] s6.mp3.scanner.DirectoryScanner          : Debut du scan
2026-06-24T09:22:55.118+03:00  INFO 18504 --- [mp3] [scheduling-1] s6.mp3.scanner.DirectoryScanner          : Fin du scan (0 nouveau(x) fichier(s))
2026-06-24T09:23:10.128+03:00  INFO 18504 --- [mp3] [scheduling-1] s6.mp3.scanner.DirectoryScanner          : Debut du scan
2026-06-24T09:23:10.128+03:00  INFO 18504 --- [mp3] [scheduling-1] s6.mp3.scanner.DirectoryScanner          : Fin du scan (0 nouveau(x) fichier(s))
2026-06-24T09:23:25.132+03:00  INFO 18504 --- [mp3] [scheduling-1] s6.mp3.scanner.DirectoryScanner          : Debut du scan
2026-06-24T09:23:25.132+03:00  INFO 18504 --- [mp3] [scheduling-1] s6.mp3.scanner.DirectoryScanner          : Fin du scan (0 nouveau(x) fichier(s))
2026-06-24T09:23:40.140+03:00  INFO 18504 --- [mp3] [scheduling-1] s6.mp3.scanner.DirectoryScanner          : Debut du scan
2026-06-24T09:23:40.142+03:00  INFO 18504 --- [mp3] [scheduling-1] s6.mp3.scanner.DirectoryScanner          : Fin du scan (0 nouveau(x) fichier(s))
2026-06-24T09:23:55.160+03:00  INFO 18504 --- [mp3] [scheduling-1] s6.mp3.scanner.DirectoryScanner          : Debut du scan
2026-06-24T09:23:55.160+03:00  INFO 18504 --- [mp3] [scheduling-1] s6.mp3.scanner.DirectoryScanner          : Fin du scan (0 nouveau(x) fichier(s))
2026-06-24T09:24:10.177+03:00  INFO 18504 --- [mp3] [scheduling-1] s6.mp3.scanner.DirectoryScanner          : Debut du scan
2026-06-24T09:24:10.178+03:00  INFO 18504 --- [mp3] [scheduling-1] s6.mp3.scanner.DirectoryScanner          : Fin du scan (0 nouveau(x) fichier(s))
2026-06-24T09:24:25.185+03:00  INFO 18504 --- [mp3] [scheduling-1] s6.mp3.scanner.DirectoryScanner          : Debut du scan
2026-06-24T09:24:25.185+03:00  INFO 18504 --- [mp3] [scheduling-1] s6.mp3.scanner.DirectoryScanner          : Fin du scan (0 nouveau(x) fichier(s))
2026-06-24T09:24:40.199+03:00  INFO 18504 --- [mp3] [scheduling-1] s6.mp3.scanner.DirectoryScanner          : Debut du scan
2026-06-24T09:24:40.201+03:00  INFO 18504 --- [mp3] [scheduling-1] s6.mp3.scanner.DirectoryScanner          : Fin du scan (0 nouveau(x) fichier(s))
2026-06-24T09:24:55.214+03:00  INFO 18504 --- [mp3] [scheduling-1] s6.mp3.scanner.DirectoryScanner          : Debut du scan
2026-06-24T09:24:55.214+03:00  INFO 18504 --- [mp3] [scheduling-1] s6.mp3.scanner.DirectoryScanner          : Fin du scan (0 nouveau(x) fichier(s))
2026-06-24T09:25:10.217+03:00  INFO 18504 --- [mp3] [scheduling-1] s6.mp3.scanner.DirectoryScanner          : Debut du scan
2026-06-24T09:25:10.218+03:00  INFO 18504 --- [mp3] [scheduling-1] s6.mp3.scanner.DirectoryScanner          : Fin du scan (0 nouveau(x) fichier(s))
2026-06-24T09:25:25.223+03:00  INFO 18504 --- [mp3] [scheduling-1] s6.mp3.scanner.DirectoryScanner          : Debut du scan
2026-06-24T09:25:25.226+03:00  INFO 18504 --- [mp3] [scheduling-1] s6.mp3.scanner.DirectoryScanner          : Fin du scan (0 nouveau(x) fichier(s))
2026-06-24T09:25:40.229+03:00  INFO 18504 --- [mp3] [scheduling-1] s6.mp3.scanner.DirectoryScanner          : Debut du scan
2026-06-24T09:25:40.229+03:00  INFO 18504 --- [mp3] [scheduling-1] s6.mp3.scanner.DirectoryScanner          : Fin du scan (0 nouveau(x) fichier(s))
2026-06-24T09:25:55.235+03:00  INFO 18504 --- [mp3] [scheduling-1] s6.mp3.scanner.DirectoryScanner          : Debut du scan
2026-06-24T09:25:55.236+03:00  INFO 18504 --- [mp3] [scheduling-1] s6.mp3.scanner.DirectoryScanner          : Fin du scan (0 nouveau(x) fichier(s))
2026-06-24T09:26:10.244+03:00  INFO 18504 --- [mp3] [scheduling-1] s6.mp3.scanner.DirectoryScanner          : Debut du scan
2026-06-24T09:26:10.244+03:00  INFO 18504 --- [mp3] [scheduling-1] s6.mp3.scanner.DirectoryScanner          : Fin du scan (0 nouveau(x) fichier(s))
2026-06-24T09:26:25.259+03:00  INFO 18504 --- [mp3] [scheduling-1] s6.mp3.scanner.DirectoryScanner          : Debut du scan
2026-06-24T09:26:25.259+03:00  INFO 18504 --- [mp3] [scheduling-1] s6.mp3.scanner.DirectoryScanner          : Fin du scan (0 nouveau(x) fichier(s))
2026-06-24T09:26:40.263+03:00  INFO 18504 --- [mp3] [scheduling-1] s6.mp3.scanner.DirectoryScanner          : Debut du scan
2026-06-24T09:26:40.263+03:00  INFO 18504 --- [mp3] [scheduling-1] s6.mp3.scanner.DirectoryScanner          : Fin du scan (0 nouveau(x) fichier(s))
2026-06-24T09:26:55.276+03:00  INFO 18504 --- [mp3] [scheduling-1] s6.mp3.scanner.DirectoryScanner          : Debut du scan
2026-06-24T09:26:55.276+03:00  INFO 18504 --- [mp3] [scheduling-1] s6.mp3.scanner.DirectoryScanner          : Fin du scan (0 nouveau(x) fichier(s))
2026-06-24T09:27:10.280+03:00  INFO 18504 --- [mp3] [scheduling-1] s6.mp3.scanner.DirectoryScanner          : Debut du scan
2026-06-24T09:27:10.285+03:00  INFO 18504 --- [mp3] [scheduling-1] s6.mp3.scanner.DirectoryScanner          : Fin du scan (0 nouveau(x) fichier(s))
2026-06-24T09:27:25.297+03:00  INFO 18504 --- [mp3] [scheduling-1] s6.mp3.scanner.DirectoryScanner          : Debut du scan
2026-06-24T09:27:25.297+03:00  INFO 18504 --- [mp3] [scheduling-1] s6.mp3.scanner.DirectoryScanner          : Fin du scan (0 nouveau(x) fichier(s))
2026-06-24T09:27:40.308+03:00  INFO 18504 --- [mp3] [scheduling-1] s6.mp3.scanner.DirectoryScanner          : Debut du scan
2026-06-24T09:27:40.308+03:00  INFO 18504 --- [mp3] [scheduling-1] s6.mp3.scanner.DirectoryScanner          : Fin du scan (0 nouveau(x) fichier(s))
2026-06-24T09:27:55.310+03:00  INFO 18504 --- [mp3] [scheduling-1] s6.mp3.scanner.DirectoryScanner          : Debut du scan
2026-06-24T09:27:55.310+03:00  INFO 18504 --- [mp3] [scheduling-1] s6.mp3.scanner.DirectoryScanner          : Fin du scan (0 nouveau(x) fichier(s))
2026-06-24T09:28:10.311+03:00  INFO 18504 --- [mp3] [scheduling-1] s6.mp3.scanner.DirectoryScanner          : Debut du scan
2026-06-24T09:28:10.311+03:00  INFO 18504 --- [mp3] [scheduling-1] s6.mp3.scanner.DirectoryScanner          : Fin du scan (0 nouveau(x) fichier(s))
2026-06-24T09:28:25.317+03:00  INFO 18504 --- [mp3] [scheduling-1] s6.mp3.scanner.DirectoryScanner          : Debut du scan
2026-06-24T09:28:25.317+03:00  INFO 18504 --- [mp3] [scheduling-1] s6.mp3.scanner.DirectoryScanner          : Fin du scan (0 nouveau(x) fichier(s))
2026-06-24T09:28:40.331+03:00  INFO 18504 --- [mp3] [scheduling-1] s6.mp3.scanner.DirectoryScanner          : Debut du scan
2026-06-24T09:28:40.331+03:00  INFO 18504 --- [mp3] [scheduling-1] s6.mp3.scanner.DirectoryScanner          : Fin du scan (0 nouveau(x) fichier(s))
2026-06-24T09:28:55.338+03:00  INFO 18504 --- [mp3] [scheduling-1] s6.mp3.scanner.DirectoryScanner          : Debut du scan
2026-06-24T09:28:55.339+03:00  INFO 18504 --- [mp3] [scheduling-1] s6.mp3.scanner.DirectoryScanner          : Fin du scan (0 nouveau(x) fichier(s))
2026-06-24T09:29:10.342+03:00  INFO 18504 --- [mp3] [scheduling-1] s6.mp3.scanner.DirectoryScanner          : Debut du scan
2026-06-24T09:29:10.343+03:00  INFO 18504 --- [mp3] [scheduling-1] s6.mp3.scanner.DirectoryScanner          : Fin du scan (0 nouveau(x) fichier(s))
2026-06-24T09:29:25.353+03:00  INFO 18504 --- [mp3] [scheduling-1] s6.mp3.scanner.DirectoryScanner          : Debut du scan
2026-06-24T09:29:25.354+03:00  INFO 18504 --- [mp3] [scheduling-1] s6.mp3.scanner.DirectoryScanner          : Fin du scan (0 nouveau(x) fichier(s))
2026-06-24T09:29:40.368+03:00  INFO 18504 --- [mp3] [scheduling-1] s6.mp3.scanner.DirectoryScanner          : Debut du scan
2026-06-24T09:29:40.369+03:00  INFO 18504 --- [mp3] [scheduling-1] s6.mp3.scanner.DirectoryScanner          : Fin du scan (0 nouveau(x) fichier(s))
2026-06-24T09:29:55.374+03:00  INFO 18504 --- [mp3] [scheduling-1] s6.mp3.scanner.DirectoryScanner          : Debut du scan
2026-06-24T09:29:55.374+03:00  INFO 18504 --- [mp3] [scheduling-1] s6.mp3.scanner.DirectoryScanner          : Fin du scan (0 nouveau(x) fichier(s))
2026-06-24T09:30:10.378+03:00  INFO 18504 --- [mp3] [scheduling-1] s6.mp3.scanner.DirectoryScanner          : Debut du scan
2026-06-24T09:30:10.378+03:00  INFO 18504 --- [mp3] [scheduling-1] s6.mp3.scanner.DirectoryScanner          : Fin du scan (0 nouveau(x) fichier(s))
2026-06-24T09:30:25.392+03:00  INFO 18504 --- [mp3] [scheduling-1] s6.mp3.scanner.DirectoryScanner          : Debut du scan
2026-06-24T09:30:25.392+03:00  INFO 18504 --- [mp3] [scheduling-1] s6.mp3.scanner.DirectoryScanner          : Fin du scan (0 nouveau(x) fichier(s))
2026-06-24T09:30:40.406+03:00  INFO 18504 --- [mp3] [scheduling-1] s6.mp3.scanner.DirectoryScanner          : Debut du scan
2026-06-24T09:30:40.406+03:00  INFO 18504 --- [mp3] [scheduling-1] s6.mp3.scanner.DirectoryScanner          : Fin du scan (0 nouveau(x) fichier(s))
2026-06-24T09:30:55.415+03:00  INFO 18504 --- [mp3] [scheduling-1] s6.mp3.scanner.DirectoryScanner          : Debut du scan
2026-06-24T09:30:55.415+03:00  INFO 18504 --- [mp3] [scheduling-1] s6.mp3.scanner.DirectoryScanner          : Fin du scan (0 nouveau(x) fichier(s))
2026-06-24T09:31:10.421+03:00  INFO 18504 --- [mp3] [scheduling-1] s6.mp3.scanner.DirectoryScanner          : Debut du scan
2026-06-24T09:31:10.421+03:00  INFO 18504 --- [mp3] [scheduling-1] s6.mp3.scanner.DirectoryScanner          : Fin du scan (0 nouveau(x) fichier(s))
2026-06-24T09:31:25.428+03:00  INFO 18504 --- [mp3] [scheduling-1] s6.mp3.scanner.DirectoryScanner          : Debut du scan
2026-06-24T09:31:25.428+03:00  INFO 18504 --- [mp3] [scheduling-1] s6.mp3.scanner.DirectoryScanner          : Fin du scan (0 nouveau(x) fichier(s))
2026-06-24T09:31:40.439+03:00  INFO 18504 --- [mp3] [scheduling-1] s6.mp3.scanner.DirectoryScanner          : Debut du scan
2026-06-24T09:31:40.439+03:00  INFO 18504 --- [mp3] [scheduling-1] s6.mp3.scanner.DirectoryScanner          : Fin du scan (0 nouveau(x) fichier(s))
2026-06-24T09:31:55.453+03:00  INFO 18504 --- [mp3] [scheduling-1] s6.mp3.scanner.DirectoryScanner          : Debut du scan
2026-06-24T09:31:55.453+03:00  INFO 18504 --- [mp3] [scheduling-1] s6.mp3.scanner.DirectoryScanner          : Fin du scan (0 nouveau(x) fichier(s))
2026-06-24T09:32:10.462+03:00  INFO 18504 --- [mp3] [scheduling-1] s6.mp3.scanner.DirectoryScanner          : Debut du scan
2026-06-24T09:32:10.463+03:00  INFO 18504 --- [mp3] [scheduling-1] s6.mp3.scanner.DirectoryScanner          : Fin du scan (0 nouveau(x) fichier(s))
2026-06-24T09:32:25.473+03:00  INFO 18504 --- [mp3] [scheduling-1] s6.mp3.scanner.DirectoryScanner          : Debut du scan
2026-06-24T09:32:25.473+03:00  INFO 18504 --- [mp3] [scheduling-1] s6.mp3.scanner.DirectoryScanner          : Fin du scan (0 nouveau(x) fichier(s))
2026-06-24T09:32:40.488+03:00  INFO 18504 --- [mp3] [scheduling-1] s6.mp3.scanner.DirectoryScanner          : Debut du scan
2026-06-24T09:32:40.488+03:00  INFO 18504 --- [mp3] [scheduling-1] s6.mp3.scanner.DirectoryScanner          : Fin du scan (0 nouveau(x) fichier(s))
2026-06-24T09:32:55.506+03:00  INFO 18504 --- [mp3] [scheduling-1] s6.mp3.scanner.DirectoryScanner          : Debut du scan
2026-06-24T09:32:55.507+03:00  INFO 18504 --- [mp3] [scheduling-1] s6.mp3.scanner.DirectoryScanner          : Fin du scan (0 nouveau(x) fichier(s))
2026-06-24T09:33:10.522+03:00  INFO 18504 --- [mp3] [scheduling-1] s6.mp3.scanner.DirectoryScanner          : Debut du scan
2026-06-24T09:33:10.523+03:00  INFO 18504 --- [mp3] [scheduling-1] s6.mp3.scanner.DirectoryScanner          : Fin du scan (0 nouveau(x) fichier(s))
2026-06-24T09:33:25.539+03:00  INFO 18504 --- [mp3] [scheduling-1] s6.mp3.scanner.DirectoryScanner          : Debut du scan
2026-06-24T09:33:25.539+03:00  INFO 18504 --- [mp3] [scheduling-1] s6.mp3.scanner.DirectoryScanner          : Fin du scan (0 nouveau(x) fichier(s))
2026-06-24T09:33:40.550+03:00  INFO 18504 --- [mp3] [scheduling-1] s6.mp3.scanner.DirectoryScanner          : Debut du scan
2026-06-24T09:33:40.550+03:00  INFO 18504 --- [mp3] [scheduling-1] s6.mp3.scanner.DirectoryScanner          : Fin du scan (0 nouveau(x) fichier(s))
2026-06-24T09:33:55.564+03:00  INFO 18504 --- [mp3] [scheduling-1] s6.mp3.scanner.DirectoryScanner          : Debut du scan
2026-06-24T09:33:55.565+03:00  INFO 18504 --- [mp3] [scheduling-1] s6.mp3.scanner.DirectoryScanner          : Fin du scan (0 nouveau(x) fichier(s))
2026-06-24T09:34:10.567+03:00  INFO 18504 --- [mp3] [scheduling-1] s6.mp3.scanner.DirectoryScanner          : Debut du scan
2026-06-24T09:34:10.567+03:00  INFO 18504 --- [mp3] [scheduling-1] s6.mp3.scanner.DirectoryScanner          : Fin du scan (0 nouveau(x) fichier(s))
2026-06-24T09:34:25.579+03:00  INFO 18504 --- [mp3] [scheduling-1] s6.mp3.scanner.DirectoryScanner          : Debut du scan
2026-06-24T09:34:25.579+03:00  INFO 18504 --- [mp3] [scheduling-1] s6.mp3.scanner.DirectoryScanner          : Fin du scan (0 nouveau(x) fichier(s))
2026-06-24T09:34:40.582+03:00  INFO 18504 --- [mp3] [scheduling-1] s6.mp3.scanner.DirectoryScanner          : Debut du scan
2026-06-24T09:34:40.582+03:00  INFO 18504 --- [mp3] [scheduling-1] s6.mp3.scanner.DirectoryScanner          : Fin du scan (0 nouveau(x) fichier(s))
2026-06-24T09:34:55.592+03:00  INFO 18504 --- [mp3] [scheduling-1] s6.mp3.scanner.DirectoryScanner          : Debut du scan
2026-06-24T09:34:55.593+03:00  INFO 18504 --- [mp3] [scheduling-1] s6.mp3.scanner.DirectoryScanner          : Fin du scan (0 nouveau(x) fichier(s))
2026-06-24T09:35:10.599+03:00  INFO 18504 --- [mp3] [scheduling-1] s6.mp3.scanner.DirectoryScanner          : Debut du scan
2026-06-24T09:35:10.599+03:00  INFO 18504 --- [mp3] [scheduling-1] s6.mp3.scanner.DirectoryScanner          : Fin du scan (0 nouveau(x) fichier(s))
2026-06-24T09:35:25.604+03:00  INFO 18504 --- [mp3] [scheduling-1] s6.mp3.scanner.DirectoryScanner          : Debut du scan
2026-06-24T09:35:25.604+03:00  INFO 18504 --- [mp3] [scheduling-1] s6.mp3.scanner.DirectoryScanner          : Fin du scan (0 nouveau(x) fichier(s))
2026-06-24T09:35:40.607+03:00  INFO 18504 --- [mp3] [scheduling-1] s6.mp3.scanner.DirectoryScanner          : Debut du scan
2026-06-24T09:35:40.607+03:00  INFO 18504 --- [mp3] [scheduling-1] s6.mp3.scanner.DirectoryScanner          : Fin du scan (0 nouveau(x) fichier(s))
2026-06-24T09:35:55.611+03:00  INFO 18504 --- [mp3] [scheduling-1] s6.mp3.scanner.DirectoryScanner          : Debut du scan
2026-06-24T09:35:55.612+03:00  INFO 18504 --- [mp3] [scheduling-1] s6.mp3.scanner.DirectoryScanner          : Fin du scan (0 nouveau(x) fichier(s))
2026-06-24T09:36:10.619+03:00  INFO 18504 --- [mp3] [scheduling-1] s6.mp3.scanner.DirectoryScanner          : Debut du scan
2026-06-24T09:36:10.619+03:00  INFO 18504 --- [mp3] [scheduling-1] s6.mp3.scanner.DirectoryScanner          : Fin du scan (0 nouveau(x) fichier(s))
2026-06-24T09:36:25.634+03:00  INFO 18504 --- [mp3] [scheduling-1] s6.mp3.scanner.DirectoryScanner          : Debut du scan
2026-06-24T09:36:25.635+03:00  INFO 18504 --- [mp3] [scheduling-1] s6.mp3.scanner.DirectoryScanner          : Fin du scan (0 nouveau(x) fichier(s))
2026-06-24T09:36:40.644+03:00  INFO 18504 --- [mp3] [scheduling-1] s6.mp3.scanner.DirectoryScanner          : Debut du scan
2026-06-24T09:36:40.644+03:00  INFO 18504 --- [mp3] [scheduling-1] s6.mp3.scanner.DirectoryScanner          : Fin du scan (0 nouveau(x) fichier(s))
2026-06-24T09:36:55.659+03:00  INFO 18504 --- [mp3] [scheduling-1] s6.mp3.scanner.DirectoryScanner          : Debut du scan
2026-06-24T09:36:55.660+03:00  INFO 18504 --- [mp3] [scheduling-1] s6.mp3.scanner.DirectoryScanner          : Fin du scan (0 nouveau(x) fichier(s))
2026-06-24T09:37:10.675+03:00  INFO 18504 --- [mp3] [scheduling-1] s6.mp3.scanner.DirectoryScanner          : Debut du scan
2026-06-24T09:37:10.676+03:00  INFO 18504 --- [mp3] [scheduling-1] s6.mp3.scanner.DirectoryScanner          : Fin du scan (0 nouveau(x) fichier(s))
2026-06-24T09:37:25.690+03:00  INFO 18504 --- [mp3] [scheduling-1] s6.mp3.scanner.DirectoryScanner          : Debut du scan
2026-06-24T09:37:25.690+03:00  INFO 18504 --- [mp3] [scheduling-1] s6.mp3.scanner.DirectoryScanner          : Fin du scan (0 nouveau(x) fichier(s))
2026-06-24T09:37:40.697+03:00  INFO 18504 --- [mp3] [scheduling-1] s6.mp3.scanner.DirectoryScanner          : Debut du scan
2026-06-24T09:37:40.698+03:00  INFO 18504 --- [mp3] [scheduling-1] s6.mp3.scanner.DirectoryScanner          : Fin du scan (0 nouveau(x) fichier(s))
2026-06-24T09:37:55.708+03:00  INFO 18504 --- [mp3] [scheduling-1] s6.mp3.scanner.DirectoryScanner          : Debut du scan
2026-06-24T09:37:55.708+03:00  INFO 18504 --- [mp3] [scheduling-1] s6.mp3.scanner.DirectoryScanner          : Fin du scan (0 nouveau(x) fichier(s))
2026-06-24T09:38:10.713+03:00  INFO 18504 --- [mp3] [scheduling-1] s6.mp3.scanner.DirectoryScanner          : Debut du scan
2026-06-24T09:38:10.713+03:00  INFO 18504 --- [mp3] [scheduling-1] s6.mp3.scanner.DirectoryScanner          : Fin du scan (0 nouveau(x) fichier(s))
2026-06-24T09:38:25.727+03:00  INFO 18504 --- [mp3] [scheduling-1] s6.mp3.scanner.DirectoryScanner          : Debut du scan
2026-06-24T09:38:25.728+03:00  INFO 18504 --- [mp3] [scheduling-1] s6.mp3.scanner.DirectoryScanner          : Fin du scan (0 nouveau(x) fichier(s))
2026-06-24T09:38:40.731+03:00  INFO 18504 --- [mp3] [scheduling-1] s6.mp3.scanner.DirectoryScanner          : Debut du scan
2026-06-24T09:38:40.731+03:00  INFO 18504 --- [mp3] [scheduling-1] s6.mp3.scanner.DirectoryScanner          : Fin du scan (0 nouveau(x) fichier(s))
2026-06-24T09:38:55.740+03:00  INFO 18504 --- [mp3] [scheduling-1] s6.mp3.scanner.DirectoryScanner          : Debut du scan
2026-06-24T09:38:55.740+03:00  INFO 18504 --- [mp3] [scheduling-1] s6.mp3.scanner.DirectoryScanner          : Fin du scan (0 nouveau(x) fichier(s))
2026-06-24T09:39:10.742+03:00  INFO 18504 --- [mp3] [scheduling-1] s6.mp3.scanner.DirectoryScanner          : Debut du scan
2026-06-24T09:39:10.742+03:00  INFO 18504 --- [mp3] [scheduling-1] s6.mp3.scanner.DirectoryScanner          : Fin du scan (0 nouveau(x) fichier(s))
2026-06-24T09:39:25.744+03:00  INFO 18504 --- [mp3] [scheduling-1] s6.mp3.scanner.DirectoryScanner          : Debut du scan
2026-06-24T09:39:25.745+03:00  INFO 18504 --- [mp3] [scheduling-1] s6.mp3.scanner.DirectoryScanner          : Fin du scan (0 nouveau(x) fichier(s))
2026-06-24T09:39:40.760+03:00  INFO 18504 --- [mp3] [scheduling-1] s6.mp3.scanner.DirectoryScanner          : Debut du scan
2026-06-24T09:39:40.760+03:00  INFO 18504 --- [mp3] [scheduling-1] s6.mp3.scanner.DirectoryScanner          : Fin du scan (0 nouveau(x) fichier(s))
2026-06-24T09:39:55.769+03:00  INFO 18504 --- [mp3] [scheduling-1] s6.mp3.scanner.DirectoryScanner          : Debut du scan
2026-06-24T09:39:55.770+03:00  INFO 18504 --- [mp3] [scheduling-1] s6.mp3.scanner.DirectoryScanner          : Fin du scan (0 nouveau(x) fichier(s))
2026-06-24T09:40:10.787+03:00  INFO 18504 --- [mp3] [scheduling-1] s6.mp3.scanner.DirectoryScanner          : Debut du scan
2026-06-24T09:40:10.787+03:00  INFO 18504 --- [mp3] [scheduling-1] s6.mp3.scanner.DirectoryScanner          : Fin du scan (0 nouveau(x) fichier(s))
2026-06-24T09:40:25.797+03:00  INFO 18504 --- [mp3] [scheduling-1] s6.mp3.scanner.DirectoryScanner          : Debut du scan
2026-06-24T09:40:25.798+03:00  INFO 18504 --- [mp3] [scheduling-1] s6.mp3.scanner.DirectoryScanner          : Fin du scan (0 nouveau(x) fichier(s))
2026-06-24T09:40:40.801+03:00  INFO 18504 --- [mp3] [scheduling-1] s6.mp3.scanner.DirectoryScanner          : Debut du scan
2026-06-24T09:40:40.801+03:00  INFO 18504 --- [mp3] [scheduling-1] s6.mp3.scanner.DirectoryScanner          : Fin du scan (0 nouveau(x) fichier(s))
2026-06-24T09:40:55.808+03:00  INFO 18504 --- [mp3] [scheduling-1] s6.mp3.scanner.DirectoryScanner          : Debut du scan
2026-06-24T09:40:55.808+03:00  INFO 18504 --- [mp3] [scheduling-1] s6.mp3.scanner.DirectoryScanner          : Fin du scan (0 nouveau(x) fichier(s))
2026-06-24T09:41:10.820+03:00  INFO 18504 --- [mp3] [scheduling-1] s6.mp3.scanner.DirectoryScanner          : Debut du scan
2026-06-24T09:41:10.820+03:00  INFO 18504 --- [mp3] [scheduling-1] s6.mp3.scanner.DirectoryScanner          : Fin du scan (0 nouveau(x) fichier(s))
2026-06-24T09:41:25.831+03:00  INFO 18504 --- [mp3] [scheduling-1] s6.mp3.scanner.DirectoryScanner          : Debut du scan
2026-06-24T09:41:25.831+03:00  INFO 18504 --- [mp3] [scheduling-1] s6.mp3.scanner.DirectoryScanner          : Fin du scan (0 nouveau(x) fichier(s))
2026-06-24T09:41:40.835+03:00  INFO 18504 --- [mp3] [scheduling-1] s6.mp3.scanner.DirectoryScanner          : Debut du scan
2026-06-24T09:41:40.836+03:00  INFO 18504 --- [mp3] [scheduling-1] s6.mp3.scanner.DirectoryScanner          : Fin du scan (0 nouveau(x) fichier(s))
2026-06-24T09:41:55.849+03:00  INFO 18504 --- [mp3] [scheduling-1] s6.mp3.scanner.DirectoryScanner          : Debut du scan
2026-06-24T09:41:55.849+03:00  INFO 18504 --- [mp3] [scheduling-1] s6.mp3.scanner.DirectoryScanner          : Fin du scan (0 nouveau(x) fichier(s))
2026-06-24T09:42:10.857+03:00  INFO 18504 --- [mp3] [scheduling-1] s6.mp3.scanner.DirectoryScanner          : Debut du scan
2026-06-24T09:42:10.857+03:00  INFO 18504 --- [mp3] [scheduling-1] s6.mp3.scanner.DirectoryScanner          : Fin du scan (0 nouveau(x) fichier(s))
2026-06-24T09:42:25.869+03:00  INFO 18504 --- [mp3] [scheduling-1] s6.mp3.scanner.DirectoryScanner          : Debut du scan
2026-06-24T09:42:25.869+03:00  INFO 18504 --- [mp3] [scheduling-1] s6.mp3.scanner.DirectoryScanner          : Fin du scan (0 nouveau(x) fichier(s))
2026-06-24T09:42:40.882+03:00  INFO 18504 --- [mp3] [scheduling-1] s6.mp3.scanner.DirectoryScanner          : Debut du scan
2026-06-24T09:42:40.882+03:00  INFO 18504 --- [mp3] [scheduling-1] s6.mp3.scanner.DirectoryScanner          : Fin du scan (0 nouveau(x) fichier(s))
2026-06-24T09:42:55.885+03:00  INFO 18504 --- [mp3] [scheduling-1] s6.mp3.scanner.DirectoryScanner          : Debut du scan
2026-06-24T09:42:55.887+03:00  INFO 18504 --- [mp3] [scheduling-1] s6.mp3.scanner.DirectoryScanner          : Fin du scan (0 nouveau(x) fichier(s))
2026-06-24T09:43:10.891+03:00  INFO 18504 --- [mp3] [scheduling-1] s6.mp3.scanner.DirectoryScanner          : Debut du scan
2026-06-24T09:43:10.891+03:00  INFO 18504 --- [mp3] [scheduling-1] s6.mp3.scanner.DirectoryScanner          : Fin du scan (0 nouveau(x) fichier(s))
2026-06-24T09:43:25.900+03:00  INFO 18504 --- [mp3] [scheduling-1] s6.mp3.scanner.DirectoryScanner          : Debut du scan
2026-06-24T09:43:25.901+03:00  INFO 18504 --- [mp3] [scheduling-1] s6.mp3.scanner.DirectoryScanner          : Fin du scan (0 nouveau(x) fichier(s))
2026-06-24T09:43:40.912+03:00  INFO 18504 --- [mp3] [scheduling-1] s6.mp3.scanner.DirectoryScanner          : Debut du scan
2026-06-24T09:43:40.912+03:00  INFO 18504 --- [mp3] [scheduling-1] s6.mp3.scanner.DirectoryScanner          : Fin du scan (0 nouveau(x) fichier(s))
2026-06-24T09:43:55.921+03:00  INFO 18504 --- [mp3] [scheduling-1] s6.mp3.scanner.DirectoryScanner          : Debut du scan
2026-06-24T09:43:55.922+03:00  INFO 18504 --- [mp3] [scheduling-1] s6.mp3.scanner.DirectoryScanner          : Fin du scan (0 nouveau(x) fichier(s))
2026-06-24T09:44:10.932+03:00  INFO 18504 --- [mp3] [scheduling-1] s6.mp3.scanner.DirectoryScanner          : Debut du scan
2026-06-24T09:44:10.932+03:00  INFO 18504 --- [mp3] [scheduling-1] s6.mp3.scanner.DirectoryScanner          : Fin du scan (0 nouveau(x) fichier(s))
2026-06-24T09:44:25.940+03:00  INFO 18504 --- [mp3] [scheduling-1] s6.mp3.scanner.DirectoryScanner          : Debut du scan
2026-06-24T09:44:25.940+03:00  INFO 18504 --- [mp3] [scheduling-1] s6.mp3.scanner.DirectoryScanner          : Fin du scan (0 nouveau(x) fichier(s))
2026-06-24T09:44:40.950+03:00  INFO 18504 --- [mp3] [scheduling-1] s6.mp3.scanner.DirectoryScanner          : Debut du scan
2026-06-24T09:44:40.950+03:00  INFO 18504 --- [mp3] [scheduling-1] s6.mp3.scanner.DirectoryScanner          : Fin du scan (0 nouveau(x) fichier(s))
2026-06-24T09:44:55.954+03:00  INFO 18504 --- [mp3] [scheduling-1] s6.mp3.scanner.DirectoryScanner          : Debut du scan
2026-06-24T09:44:55.955+03:00  INFO 18504 --- [mp3] [scheduling-1] s6.mp3.scanner.DirectoryScanner          : Fin du scan (0 nouveau(x) fichier(s))
2026-06-24T09:45:10.963+03:00  INFO 18504 --- [mp3] [scheduling-1] s6.mp3.scanner.DirectoryScanner          : Debut du scan
2026-06-24T09:45:10.965+03:00  INFO 18504 --- [mp3] [scheduling-1] s6.mp3.scanner.DirectoryScanner          : Fin du scan (0 nouveau(x) fichier(s))
2026-06-24T09:45:25.979+03:00  INFO 18504 --- [mp3] [scheduling-1] s6.mp3.scanner.DirectoryScanner          : Debut du scan
2026-06-24T09:45:25.979+03:00  INFO 18504 --- [mp3] [scheduling-1] s6.mp3.scanner.DirectoryScanner          : Fin du scan (0 nouveau(x) fichier(s))
2026-06-24T09:45:40.986+03:00  INFO 18504 --- [mp3] [scheduling-1] s6.mp3.scanner.DirectoryScanner          : Debut du scan
2026-06-24T09:45:40.986+03:00  INFO 18504 --- [mp3] [scheduling-1] s6.mp3.scanner.DirectoryScanner          : Fin du scan (0 nouveau(x) fichier(s))
2026-06-24T09:45:55.994+03:00  INFO 18504 --- [mp3] [scheduling-1] s6.mp3.scanner.DirectoryScanner          : Debut du scan
2026-06-24T09:45:55.994+03:00  INFO 18504 --- [mp3] [scheduling-1] s6.mp3.scanner.DirectoryScanner          : Fin du scan (0 nouveau(x) fichier(s))
2026-06-24T09:46:11.002+03:00  INFO 18504 --- [mp3] [scheduling-1] s6.mp3.scanner.DirectoryScanner          : Debut du scan
2026-06-24T09:46:11.002+03:00  INFO 18504 --- [mp3] [scheduling-1] s6.mp3.scanner.DirectoryScanner          : Fin du scan (0 nouveau(x) fichier(s))
2026-06-24T09:46:26.014+03:00  INFO 18504 --- [mp3] [scheduling-1] s6.mp3.scanner.DirectoryScanner          : Debut du scan
2026-06-24T09:46:26.014+03:00  INFO 18504 --- [mp3] [scheduling-1] s6.mp3.scanner.DirectoryScanner          : Fin du scan (0 nouveau(x) fichier(s))
2026-06-24T09:46:41.025+03:00  INFO 18504 --- [mp3] [scheduling-1] s6.mp3.scanner.DirectoryScanner          : Debut du scan
2026-06-24T09:46:41.025+03:00  INFO 18504 --- [mp3] [scheduling-1] s6.mp3.scanner.DirectoryScanner          : Fin du scan (0 nouveau(x) fichier(s))
2026-06-24T09:46:56.029+03:00  INFO 18504 --- [mp3] [scheduling-1] s6.mp3.scanner.DirectoryScanner          : Debut du scan
2026-06-24T09:46:56.029+03:00  INFO 18504 --- [mp3] [scheduling-1] s6.mp3.scanner.DirectoryScanner          : Fin du scan (0 nouveau(x) fichier(s))
2026-06-24T09:47:11.043+03:00  INFO 18504 --- [mp3] [scheduling-1] s6.mp3.scanner.DirectoryScanner          : Debut du scan
2026-06-24T09:47:11.043+03:00  INFO 18504 --- [mp3] [scheduling-1] s6.mp3.scanner.DirectoryScanner          : Fin du scan (0 nouveau(x) fichier(s))
2026-06-24T09:47:26.048+03:00  INFO 18504 --- [mp3] [scheduling-1] s6.mp3.scanner.DirectoryScanner          : Debut du scan
2026-06-24T09:47:26.048+03:00  INFO 18504 --- [mp3] [scheduling-1] s6.mp3.scanner.DirectoryScanner          : Fin du scan (0 nouveau(x) fichier(s))
2026-06-24T09:47:41.056+03:00  INFO 18504 --- [mp3] [scheduling-1] s6.mp3.scanner.DirectoryScanner          : Debut du scan
2026-06-24T09:47:41.056+03:00  INFO 18504 --- [mp3] [scheduling-1] s6.mp3.scanner.DirectoryScanner          : Fin du scan (0 nouveau(x) fichier(s))
2026-06-24T09:47:56.066+03:00  INFO 18504 --- [mp3] [scheduling-1] s6.mp3.scanner.DirectoryScanner          : Debut du scan
2026-06-24T09:47:56.066+03:00  INFO 18504 --- [mp3] [scheduling-1] s6.mp3.scanner.DirectoryScanner          : Fin du scan (0 nouveau(x) fichier(s))
2026-06-24T09:48:11.069+03:00  INFO 18504 --- [mp3] [scheduling-1] s6.mp3.scanner.DirectoryScanner          : Debut du scan
2026-06-24T09:48:11.069+03:00  INFO 18504 --- [mp3] [scheduling-1] s6.mp3.scanner.DirectoryScanner          : Fin du scan (0 nouveau(x) fichier(s))
2026-06-24T09:50:52.040+03:00  INFO 18504 --- [mp3] [scheduling-1] s6.mp3.scanner.DirectoryScanner          : Debut du scan
2026-06-24T09:50:52.041+03:00  INFO 18504 --- [mp3] [scheduling-1] s6.mp3.scanner.DirectoryScanner          : Fin du scan (0 nouveau(x) fichier(s))
