2026-06-24T09:09:38.509+03:00  INFO 5696 --- [mp3] [main] s6.mp3.Mp3Application                    : Starting Mp3Application v0.0.1-SNAPSHOT using Java 17.0.12 with PID 5696 (L:\cours\leçons\S6\mp3\back\target\mp3-0.0.1-SNAPSHOT.jar started by Lapatia in L:\cours\leçons\S6\mp3\back)
2026-06-24T09:09:38.591+03:00  INFO 5696 --- [mp3] [main] s6.mp3.Mp3Application                    : The following 1 profile is active: "uploader"
2026-06-24T09:09:51.048+03:00  INFO 5696 --- [mp3] [main] o.s.a.r.c.CachingConnectionFactory       : Attempting to connect to: [localhost:5672]
2026-06-24T09:09:51.725+03:00  INFO 5696 --- [mp3] [main] o.s.a.r.c.CachingConnectionFactory       : Created new connection: rabbitConnectionFactory#5a8ab2:0/SimpleConnection@3eb292cd [delegate=amqp://guest@127.0.0.1:5672/, localPort=59770]
2026-06-24T09:09:52.466+03:00  INFO 5696 --- [mp3] [main] s6.mp3.Mp3Application                    : Started Mp3Application in 16.959 seconds (process running for 19.462)
2026-06-24T09:19:40.604+03:00  INFO 5696 --- [mp3] [org.springframework.amqp.rabbit.RabbitListenerEndpointContainer#0-1] s6.mp3.uploader.ApiUploader              : Debut envoi API : Alec Benjamin - Let Me Down Slowly [Official Music Video](MP3_160K).mp3
2026-06-24T09:19:40.604+03:00  INFO 5696 --- [mp3] [org.springframework.amqp.rabbit.RabbitListenerEndpointContainer#0-1] s6.mp3.uploader.ApiUploader              : Envoi en cours (tentative 1/3)
2026-06-24T09:19:41.223+03:00  INFO 5696 --- [mp3] [org.springframework.amqp.rabbit.RabbitListenerEndpointContainer#0-1] s6.mp3.uploader.ApiUploader              : Envoi termine avec succes
2026-06-24T09:19:41.225+03:00  INFO 5696 --- [mp3] [org.springframework.amqp.rabbit.RabbitListenerEndpointContainer#0-1] s6.mp3.uploader.ApiUploader              : Suppression du fichier source : Alec Benjamin - Let Me Down Slowly [Official Music Video](MP3_160K).mp3
2026-06-24T09:19:41.228+03:00  INFO 5696 --- [mp3] [org.springframework.amqp.rabbit.RabbitListenerEndpointContainer#0-1] s6.mp3.uploader.ApiUploader              : Debut envoi API : Andro ririnina-MAHALEO(MP3_160K).mp3
2026-06-24T09:19:41.228+03:00  INFO 5696 --- [mp3] [org.springframework.amqp.rabbit.RabbitListenerEndpointContainer#0-1] s6.mp3.uploader.ApiUploader              : Envoi en cours (tentative 1/3)
2026-06-24T09:19:41.342+03:00  INFO 5696 --- [mp3] [org.springframework.amqp.rabbit.RabbitListenerEndpointContainer#0-1] s6.mp3.uploader.ApiUploader              : Envoi termine avec succes
2026-06-24T09:19:41.345+03:00  INFO 5696 --- [mp3] [org.springframework.amqp.rabbit.RabbitListenerEndpointContainer#0-1] s6.mp3.uploader.ApiUploader              : Suppression du fichier source : Andro ririnina-MAHALEO(MP3_160K).mp3
2026-06-24T09:19:41.347+03:00  INFO 5696 --- [mp3] [org.springframework.amqp.rabbit.RabbitListenerEndpointContainer#0-1] s6.mp3.uploader.ApiUploader              : Debut envoi API : Ao izy e _  (Dadah _ Inah)(MP3_160K).mp3
2026-06-24T09:19:41.348+03:00  INFO 5696 --- [mp3] [org.springframework.amqp.rabbit.RabbitListenerEndpointContainer#0-1] s6.mp3.uploader.ApiUploader              : Envoi en cours (tentative 1/3)
2026-06-24T09:19:41.531+03:00  INFO 5696 --- [mp3] [org.springframework.amqp.rabbit.RabbitListenerEndpointContainer#0-1] s6.mp3.uploader.ApiUploader              : Envoi termine avec succes
2026-06-24T09:19:41.533+03:00  INFO 5696 --- [mp3] [org.springframework.amqp.rabbit.RabbitListenerEndpointContainer#0-1] s6.mp3.uploader.ApiUploader              : Suppression du fichier source : Ao izy e _  (Dadah _ Inah)(MP3_160K).mp3
2026-06-24T09:19:41.536+03:00  INFO 5696 --- [mp3] [org.springframework.amqp.rabbit.RabbitListenerEndpointContainer#0-1] s6.mp3.uploader.ApiUploader              : Debut envoi API : Bodo - Dada(MP3_160K).mp3
2026-06-24T09:19:41.540+03:00  INFO 5696 --- [mp3] [org.springframework.amqp.rabbit.RabbitListenerEndpointContainer#0-1] s6.mp3.uploader.ApiUploader              : Envoi en cours (tentative 1/3)
2026-06-24T09:19:41.676+03:00  INFO 5696 --- [mp3] [org.springframework.amqp.rabbit.RabbitListenerEndpointContainer#0-1] s6.mp3.uploader.ApiUploader              : Envoi termine avec succes
2026-06-24T09:19:41.678+03:00  INFO 5696 --- [mp3] [org.springframework.amqp.rabbit.RabbitListenerEndpointContainer#0-1] s6.mp3.uploader.ApiUploader              : Suppression du fichier source : Bodo - Dada(MP3_160K).mp3
2026-06-24T09:19:41.679+03:00  INFO 5696 --- [mp3] [org.springframework.amqp.rabbit.RabbitListenerEndpointContainer#0-1] s6.mp3.uploader.ApiUploader              : Debut envoi API : CKYCKY _ MAJESTY _ RIM-KA - NUMBER ONE (Clip Officiel)(MP3_160K).mp3
2026-06-24T09:19:41.681+03:00  INFO 5696 --- [mp3] [org.springframework.amqp.rabbit.RabbitListenerEndpointContainer#0-1] s6.mp3.uploader.ApiUploader              : Envoi en cours (tentative 1/3)
2026-06-24T09:19:41.884+03:00  INFO 5696 --- [mp3] [org.springframework.amqp.rabbit.RabbitListenerEndpointContainer#0-1] s6.mp3.uploader.ApiUploader              : Envoi termine avec succes
2026-06-24T09:19:41.886+03:00  INFO 5696 --- [mp3] [org.springframework.amqp.rabbit.RabbitListenerEndpointContainer#0-1] s6.mp3.uploader.ApiUploader              : Suppression du fichier source : CKYCKY _ MAJESTY _ RIM-KA - NUMBER ONE (Clip Officiel)(MP3_160K).mp3
2026-06-24T09:19:41.888+03:00  INFO 5696 --- [mp3] [org.springframework.amqp.rabbit.RabbitListenerEndpointContainer#0-1] s6.mp3.uploader.ApiUploader              : Debut envoi API : ELIDIOT -  Aza latsaigny ( Clip Officiel 1080p HD )(MP3_160K).mp3
2026-06-24T09:19:41.888+03:00  INFO 5696 --- [mp3] [org.springframework.amqp.rabbit.RabbitListenerEndpointContainer#0-1] s6.mp3.uploader.ApiUploader              : Envoi en cours (tentative 1/3)
2026-06-24T09:19:42.049+03:00  INFO 5696 --- [mp3] [org.springframework.amqp.rabbit.RabbitListenerEndpointContainer#0-1] s6.mp3.uploader.ApiUploader              : Envoi termine avec succes
2026-06-24T09:19:42.053+03:00  INFO 5696 --- [mp3] [org.springframework.amqp.rabbit.RabbitListenerEndpointContainer#0-1] s6.mp3.uploader.ApiUploader              : Suppression du fichier source : ELIDIOT -  Aza latsaigny ( Clip Officiel 1080p HD )(MP3_160K).mp3
2026-06-24T09:19:42.055+03:00  INFO 5696 --- [mp3] [org.springframework.amqp.rabbit.RabbitListenerEndpointContainer#0-1] s6.mp3.uploader.ApiUploader              : Debut envoi API : Eric Manana - Voninkazo adaladala(MP3_160K).mp3
2026-06-24T09:19:42.056+03:00  INFO 5696 --- [mp3] [org.springframework.amqp.rabbit.RabbitListenerEndpointContainer#0-1] s6.mp3.uploader.ApiUploader              : Envoi en cours (tentative 1/3)
2026-06-24T09:19:42.316+03:00  INFO 5696 --- [mp3] [org.springframework.amqp.rabbit.RabbitListenerEndpointContainer#0-1] s6.mp3.uploader.ApiUploader              : Envoi termine avec succes
2026-06-24T09:19:42.318+03:00  INFO 5696 --- [mp3] [org.springframework.amqp.rabbit.RabbitListenerEndpointContainer#0-1] s6.mp3.uploader.ApiUploader              : Suppression du fichier source : Eric Manana - Voninkazo adaladala(MP3_160K).mp3
2026-06-24T09:19:42.321+03:00  INFO 5696 --- [mp3] [org.springframework.amqp.rabbit.RabbitListenerEndpointContainer#0-1] s6.mp3.uploader.ApiUploader              : Debut envoi API : HIARAKA ISIKA Mahaleo Live _ Olympia(MP3_160K).mp3
2026-06-24T09:19:42.328+03:00  INFO 5696 --- [mp3] [org.springframework.amqp.rabbit.RabbitListenerEndpointContainer#0-1] s6.mp3.uploader.ApiUploader              : Envoi en cours (tentative 1/3)
2026-06-24T09:19:42.601+03:00  INFO 5696 --- [mp3] [org.springframework.amqp.rabbit.RabbitListenerEndpointContainer#0-1] s6.mp3.uploader.ApiUploader              : Envoi termine avec succes
2026-06-24T09:19:42.605+03:00  INFO 5696 --- [mp3] [org.springframework.amqp.rabbit.RabbitListenerEndpointContainer#0-1] s6.mp3.uploader.ApiUploader              : Suppression du fichier source : HIARAKA ISIKA Mahaleo Live _ Olympia(MP3_160K).mp3
2026-06-24T09:19:42.607+03:00  INFO 5696 --- [mp3] [org.springframework.amqp.rabbit.RabbitListenerEndpointContainer#0-1] s6.mp3.uploader.ApiUploader              : Debut envoi API : LENDREMA _MAHALEO_(MP3_160K).mp3
2026-06-24T09:19:42.609+03:00  INFO 5696 --- [mp3] [org.springframework.amqp.rabbit.RabbitListenerEndpointContainer#0-1] s6.mp3.uploader.ApiUploader              : Envoi en cours (tentative 1/3)
2026-06-24T09:19:42.920+03:00  INFO 5696 --- [mp3] [org.springframework.amqp.rabbit.RabbitListenerEndpointContainer#0-1] s6.mp3.uploader.ApiUploader              : Envoi termine avec succes
2026-06-24T09:19:42.926+03:00  INFO 5696 --- [mp3] [org.springframework.amqp.rabbit.RabbitListenerEndpointContainer#0-1] s6.mp3.uploader.ApiUploader              : Suppression du fichier source : LENDREMA _MAHALEO_(MP3_160K).mp3
2026-06-24T09:19:42.933+03:00  INFO 5696 --- [mp3] [org.springframework.amqp.rabbit.RabbitListenerEndpointContainer#0-1] s6.mp3.uploader.ApiUploader              : Debut envoi API : Lôla feat Stephanie - Mandramaty(MP3_128K).mp3
2026-06-24T09:19:42.943+03:00  INFO 5696 --- [mp3] [org.springframework.amqp.rabbit.RabbitListenerEndpointContainer#0-1] s6.mp3.uploader.ApiUploader              : Envoi en cours (tentative 1/3)
2026-06-24T09:19:43.146+03:00  INFO 5696 --- [mp3] [org.springframework.amqp.rabbit.RabbitListenerEndpointContainer#0-1] s6.mp3.uploader.ApiUploader              : Envoi termine avec succes
2026-06-24T09:19:43.146+03:00  INFO 5696 --- [mp3] [org.springframework.amqp.rabbit.RabbitListenerEndpointContainer#0-1] s6.mp3.uploader.ApiUploader              : Suppression du fichier source : Lôla feat Stephanie - Mandramaty(MP3_128K).mp3
2026-06-24T09:19:43.151+03:00  INFO 5696 --- [mp3] [org.springframework.amqp.rabbit.RabbitListenerEndpointContainer#0-1] s6.mp3.uploader.ApiUploader              : Debut envoi API : Mianatra Misintaka - Mahaleo(MP3_160K).mp3
2026-06-24T09:19:43.152+03:00  INFO 5696 --- [mp3] [org.springframework.amqp.rabbit.RabbitListenerEndpointContainer#0-1] s6.mp3.uploader.ApiUploader              : Envoi en cours (tentative 1/3)
2026-06-24T09:19:43.268+03:00  INFO 5696 --- [mp3] [org.springframework.amqp.rabbit.RabbitListenerEndpointContainer#0-1] s6.mp3.uploader.ApiUploader              : Envoi termine avec succes
2026-06-24T09:19:43.270+03:00  INFO 5696 --- [mp3] [org.springframework.amqp.rabbit.RabbitListenerEndpointContainer#0-1] s6.mp3.uploader.ApiUploader              : Suppression du fichier source : Mianatra Misintaka - Mahaleo(MP3_160K).mp3
2026-06-24T09:19:43.272+03:00  INFO 5696 --- [mp3] [org.springframework.amqp.rabbit.RabbitListenerEndpointContainer#0-1] s6.mp3.uploader.ApiUploader              : Debut envoi API : Rim-Ka - KaraKaraiKo (Officiel Vidéo)(MP3_128K).mp3
2026-06-24T09:19:43.272+03:00  INFO 5696 --- [mp3] [org.springframework.amqp.rabbit.RabbitListenerEndpointContainer#0-1] s6.mp3.uploader.ApiUploader              : Envoi en cours (tentative 1/3)
2026-06-24T09:19:43.369+03:00  INFO 5696 --- [mp3] [org.springframework.amqp.rabbit.RabbitListenerEndpointContainer#0-1] s6.mp3.uploader.ApiUploader              : Envoi termine avec succes
2026-06-24T09:19:43.374+03:00  INFO 5696 --- [mp3] [org.springframework.amqp.rabbit.RabbitListenerEndpointContainer#0-1] s6.mp3.uploader.ApiUploader              : Suppression du fichier source : Rim-Ka - KaraKaraiKo (Officiel Vidéo)(MP3_128K).mp3
2026-06-24T09:19:43.381+03:00  INFO 5696 --- [mp3] [org.springframework.amqp.rabbit.RabbitListenerEndpointContainer#0-1] s6.mp3.uploader.ApiUploader              : Debut envoi API : Shyn - Angalaka Ano (Feat Quatuor Squad X Davalt Records)(MP3_160K).mp3
2026-06-24T09:19:43.382+03:00  INFO 5696 --- [mp3] [org.springframework.amqp.rabbit.RabbitListenerEndpointContainer#0-1] s6.mp3.uploader.ApiUploader              : Envoi en cours (tentative 1/3)
2026-06-24T09:19:43.491+03:00  INFO 5696 --- [mp3] [org.springframework.amqp.rabbit.RabbitListenerEndpointContainer#0-1] s6.mp3.uploader.ApiUploader              : Envoi termine avec succes
2026-06-24T09:19:43.493+03:00  INFO 5696 --- [mp3] [org.springframework.amqp.rabbit.RabbitListenerEndpointContainer#0-1] s6.mp3.uploader.ApiUploader              : Suppression du fichier source : Shyn - Angalaka Ano (Feat Quatuor Squad X Davalt Records)(MP3_160K).mp3
2026-06-24T09:19:43.496+03:00  INFO 5696 --- [mp3] [org.springframework.amqp.rabbit.RabbitListenerEndpointContainer#0-1] s6.mp3.uploader.ApiUploader              : Debut envoi API : Skaiz - Hitety fotoana (Directed by Tsilavina R La St_art Project2025)(MP3_160K)-1.mp3
2026-06-24T09:19:43.496+03:00  INFO 5696 --- [mp3] [org.springframework.amqp.rabbit.RabbitListenerEndpointContainer#0-1] s6.mp3.uploader.ApiUploader              : Envoi en cours (tentative 1/3)
2026-06-24T09:19:43.602+03:00  INFO 5696 --- [mp3] [org.springframework.amqp.rabbit.RabbitListenerEndpointContainer#0-1] s6.mp3.uploader.ApiUploader              : Envoi termine avec succes
2026-06-24T09:19:43.603+03:00  INFO 5696 --- [mp3] [org.springframework.amqp.rabbit.RabbitListenerEndpointContainer#0-1] s6.mp3.uploader.ApiUploader              : Suppression du fichier source : Skaiz - Hitety fotoana (Directed by Tsilavina R La St_art Project2025)(MP3_160K)-1.mp3
2026-06-24T09:19:43.605+03:00  INFO 5696 --- [mp3] [org.springframework.amqp.rabbit.RabbitListenerEndpointContainer#0-1] s6.mp3.uploader.ApiUploader              : Debut envoi API : Skaiz - Omeo ahy [Video 2016](MP3_160K)-1.mp3
2026-06-24T09:19:43.606+03:00  INFO 5696 --- [mp3] [org.springframework.amqp.rabbit.RabbitListenerEndpointContainer#0-1] s6.mp3.uploader.ApiUploader              : Envoi en cours (tentative 1/3)
2026-06-24T09:19:43.720+03:00  INFO 5696 --- [mp3] [org.springframework.amqp.rabbit.RabbitListenerEndpointContainer#0-1] s6.mp3.uploader.ApiUploader              : Envoi termine avec succes
2026-06-24T09:19:43.720+03:00  INFO 5696 --- [mp3] [org.springframework.amqp.rabbit.RabbitListenerEndpointContainer#0-1] s6.mp3.uploader.ApiUploader              : Suppression du fichier source : Skaiz - Omeo ahy [Video 2016](MP3_160K)-1.mp3
2026-06-24T09:19:43.727+03:00  INFO 5696 --- [mp3] [org.springframework.amqp.rabbit.RabbitListenerEndpointContainer#0-1] s6.mp3.uploader.ApiUploader              : Debut envoi API : Skaiz - Tsy Avelako Ho Nofy [ Official audio 2020 ](MP3_160K).mp3
2026-06-24T09:19:43.727+03:00  INFO 5696 --- [mp3] [org.springframework.amqp.rabbit.RabbitListenerEndpointContainer#0-1] s6.mp3.uploader.ApiUploader              : Envoi en cours (tentative 1/3)
2026-06-24T09:19:43.827+03:00  INFO 5696 --- [mp3] [org.springframework.amqp.rabbit.RabbitListenerEndpointContainer#0-1] s6.mp3.uploader.ApiUploader              : Envoi termine avec succes
2026-06-24T09:19:43.828+03:00  INFO 5696 --- [mp3] [org.springframework.amqp.rabbit.RabbitListenerEndpointContainer#0-1] s6.mp3.uploader.ApiUploader              : Suppression du fichier source : Skaiz - Tsy Avelako Ho Nofy [ Official audio 2020 ](MP3_160K).mp3
2026-06-24T09:19:43.831+03:00  INFO 5696 --- [mp3] [org.springframework.amqp.rabbit.RabbitListenerEndpointContainer#0-1] s6.mp3.uploader.ApiUploader              : Debut envoi API : SOMAMBISAMBY MAHALEO(MP3_160K).mp3
2026-06-24T09:19:43.831+03:00  INFO 5696 --- [mp3] [org.springframework.amqp.rabbit.RabbitListenerEndpointContainer#0-1] s6.mp3.uploader.ApiUploader              : Envoi en cours (tentative 1/3)
2026-06-24T09:19:43.997+03:00  INFO 5696 --- [mp3] [org.springframework.amqp.rabbit.RabbitListenerEndpointContainer#0-1] s6.mp3.uploader.ApiUploader              : Envoi termine avec succes
2026-06-24T09:19:44.002+03:00  INFO 5696 --- [mp3] [org.springframework.amqp.rabbit.RabbitListenerEndpointContainer#0-1] s6.mp3.uploader.ApiUploader              : Suppression du fichier source : SOMAMBISAMBY MAHALEO(MP3_160K).mp3
2026-06-24T09:19:44.009+03:00  INFO 5696 --- [mp3] [org.springframework.amqp.rabbit.RabbitListenerEndpointContainer#0-1] s6.mp3.uploader.ApiUploader              : Debut envoi API : TAA TENSE - MBOLA TIAKO HD(MP3_160K).mp3
2026-06-24T09:19:44.009+03:00  INFO 5696 --- [mp3] [org.springframework.amqp.rabbit.RabbitListenerEndpointContainer#0-1] s6.mp3.uploader.ApiUploader              : Envoi en cours (tentative 1/3)
2026-06-24T09:19:44.108+03:00  INFO 5696 --- [mp3] [org.springframework.amqp.rabbit.RabbitListenerEndpointContainer#0-1] s6.mp3.uploader.ApiUploader              : Envoi termine avec succes
2026-06-24T09:19:44.110+03:00  INFO 5696 --- [mp3] [org.springframework.amqp.rabbit.RabbitListenerEndpointContainer#0-1] s6.mp3.uploader.ApiUploader              : Suppression du fichier source : TAA TENSE - MBOLA TIAKO HD(MP3_160K).mp3
2026-06-24T09:19:44.111+03:00  INFO 5696 --- [mp3] [org.springframework.amqp.rabbit.RabbitListenerEndpointContainer#0-1] s6.mp3.uploader.ApiUploader              : Debut envoi API : TSOTA - Zava-mahery [LYRICS VIDEO] (Official audio 2019)(MP3_160K).mp3
2026-06-24T09:19:44.112+03:00  INFO 5696 --- [mp3] [org.springframework.amqp.rabbit.RabbitListenerEndpointContainer#0-1] s6.mp3.uploader.ApiUploader              : Envoi en cours (tentative 1/3)
2026-06-24T09:19:44.247+03:00  INFO 5696 --- [mp3] [org.springframework.amqp.rabbit.RabbitListenerEndpointContainer#0-1] s6.mp3.uploader.ApiUploader              : Envoi termine avec succes
2026-06-24T09:19:44.249+03:00  INFO 5696 --- [mp3] [org.springframework.amqp.rabbit.RabbitListenerEndpointContainer#0-1] s6.mp3.uploader.ApiUploader              : Suppression du fichier source : TSOTA - Zava-mahery [LYRICS VIDEO] (Official audio 2019)(MP3_160K).mp3
2026-06-24T09:19:44.253+03:00  INFO 5696 --- [mp3] [org.springframework.amqp.rabbit.RabbitListenerEndpointContainer#0-1] s6.mp3.uploader.ApiUploader              : Debut envoi API : VITAA _ SLIMANE - Avant toi (Clip Officiel)(MP3_160K).mp3
2026-06-24T09:19:44.254+03:00  INFO 5696 --- [mp3] [org.springframework.amqp.rabbit.RabbitListenerEndpointContainer#0-1] s6.mp3.uploader.ApiUploader              : Envoi en cours (tentative 1/3)
2026-06-24T09:19:44.616+03:00  INFO 5696 --- [mp3] [org.springframework.amqp.rabbit.RabbitListenerEndpointContainer#0-1] s6.mp3.uploader.ApiUploader              : Envoi termine avec succes
2026-06-24T09:19:44.619+03:00  INFO 5696 --- [mp3] [org.springframework.amqp.rabbit.RabbitListenerEndpointContainer#0-1] s6.mp3.uploader.ApiUploader              : Suppression du fichier source : VITAA _ SLIMANE - Avant toi (Clip Officiel)(MP3_160K).mp3
2026-06-24T09:19:44.621+03:00  INFO 5696 --- [mp3] [org.springframework.amqp.rabbit.RabbitListenerEndpointContainer#0-1] s6.mp3.uploader.ApiUploader              : Debut envoi API : VOLOLONA Mahaleo Live _ Olympia(MP3_160K).mp3
2026-06-24T09:19:44.627+03:00  INFO 5696 --- [mp3] [org.springframework.amqp.rabbit.RabbitListenerEndpointContainer#0-1] s6.mp3.uploader.ApiUploader              : Envoi en cours (tentative 1/3)
2026-06-24T09:19:44.895+03:00  INFO 5696 --- [mp3] [org.springframework.amqp.rabbit.RabbitListenerEndpointContainer#0-1] s6.mp3.uploader.ApiUploader              : Envoi termine avec succes
2026-06-24T09:19:44.899+03:00  INFO 5696 --- [mp3] [org.springframework.amqp.rabbit.RabbitListenerEndpointContainer#0-1] s6.mp3.uploader.ApiUploader              : Suppression du fichier source : VOLOLONA Mahaleo Live _ Olympia(MP3_160K).mp3
